#
# There is insufficient memory for the Java Runtime Environment to continue.
# Native memory allocation (malloc) failed to allocate 429456 bytes. Error detail: Chunk::new
# Possible reasons:
#   The system is out of physical RAM or swap space
#   This process is running with CompressedOops enabled, and the Java Heap may be blocking the growth of the native heap
# Possible solutions:
#   Reduce memory load on the system
#   Increase physical memory or swap space
#   Check if swap backing store is full
#   Decrease Java heap size (-Xmx/-Xms)
#   Decrease number of Java threads
#   Decrease Java thread stack sizes (-Xss)
#   Set larger code cache with -XX:ReservedCodeCacheSize=
#   JVM is running with Unscaled Compressed Oops mode in which the Java heap is
#     placed in the first 4GB address space. The Java Heap base address is the
#     maximum limit for the native heap growth. Please use -XX:HeapBaseMinAddress
#     to set the Java Heap base and to place the Java Heap above 4GB virtual address.
# This output file may be truncated or incomplete.
#
#  Out of Memory Error (arena.cpp:168), pid=1576, tid=14728
#
# JRE version: OpenJDK Runtime Environment Temurin-21.0.8+9 (21.0.8+9) (build 21.0.8+9-LTS)
# Java VM: OpenJDK 64-Bit Server VM Temurin-21.0.8+9 (21.0.8+9-LTS, mixed mode, sharing, tiered, compressed oops, compressed class ptrs, parallel gc, windows-amd64)
# No core dump will be written. Minidumps are not enabled by default on client versions of Windows
#

---------------  S U M M A R Y ------------

Command Line: --add-modules=ALL-SYSTEM --add-opens=java.base/java.util=ALL-UNNAMED --add-opens=java.base/java.lang=ALL-UNNAMED --add-opens=java.base/sun.nio.fs=ALL-UNNAMED -Declipse.application=org.eclipse.jdt.ls.core.id1 -Dosgi.bundles.defaultStartLevel=4 -Declipse.product=org.eclipse.jdt.ls.core.product -Djava.import.generatesMetadataFilesAtProjectRoot=false -DDetectVMInstallationsJob.disabled=true -Dfile.encoding=utf8 -XX:+UseParallelGC -XX:GCTimeRatio=4 -XX:AdaptiveSizePolicyWeight=90 -Dsun.zip.disableMemoryMapping=true -Xmx2G -Xms100m -Xlog:disable -javaagent:c:\Users\abhig\.vscode\extensions\redhat.java-1.47.0-win32-x64\lombok\lombok-1.18.39-4050.jar -XX:+HeapDumpOnOutOfMemoryError -XX:HeapDumpPath=c:\Users\abhig\AppData\Roaming\Code\User\workspaceStorage\b9f696540275c9f5155aa9508eff1e3b\redhat.java -Daether.dependencyCollector.impl=bf c:\Users\abhig\.vscode\extensions\redhat.java-1.47.0-win32-x64\server\plugins\org.eclipse.equinox.launcher_1.7.100.v20251014-1222.jar -configuration c:\Users\abhig\AppData\Roaming\Code\User\globalStorage\redhat.java\1.47.0\config_win -data c:\Users\abhig\AppData\Roaming\Code\User\workspaceStorage\b9f696540275c9f5155aa9508eff1e3b\redhat.java\jdt_ws --pipe=\\.\pipe\lsp-cb1d41c99b22b13cb8b56f54812cd7dd-sock

Host: AMD Ryzen 5 5600H with Radeon Graphics         , 12 cores, 15G,  Windows 11 , 64 bit Build 22621 (10.0.22621.5415)
Time: Sun Nov  2 13:31:16 2025 India Standard Time elapsed time: 227.503166 seconds (0d 0h 3m 47s)

---------------  T H R E A D  ---------------

Current thread (0x0000021a186777e0):  JavaThread "C2 CompilerThread0" daemon [_thread_in_native, id=14728, stack(0x000000409e400000,0x000000409e500000) (1024K)]


Current CompileTask:
C2:227503 15342 %     4       org.eclipse.jdt.internal.core.index.DiskIndex::mergeCategory @ 66 (301 bytes)

Stack: [0x000000409e400000,0x000000409e500000]
Native frames: (J=compiled Java code, j=interpreted, Vv=VM code, C=native code)
V  [jvm.dll+0x6d2449]
V  [jvm.dll+0x8ae341]
V  [jvm.dll+0x8b08be]
V  [jvm.dll+0x8b0fa3]
V  [jvm.dll+0x280c96]
V  [jvm.dll+0xc581d]
V  [jvm.dll+0xc5d53]
V  [jvm.dll+0x2f539d]
V  [jvm.dll+0x5fa00a]
V  [jvm.dll+0x252092]
V  [jvm.dll+0x25244f]
V  [jvm.dll+0x24ad14]
V  [jvm.dll+0x2483a4]
V  [jvm.dll+0x1c89ee]
V  [jvm.dll+0x257d4d]
V  [jvm.dll+0x2562ea]
V  [jvm.dll+0x3f2d16]
V  [jvm.dll+0x857e6b]
V  [jvm.dll+0x6d0b0d]
C  [ucrtbase.dll+0x29333]
C  [KERNEL32.DLL+0x1259d]
C  [ntdll.dll+0x5af78]


---------------  P R O C E S S  ---------------

Threads class SMR info:
_java_thread_list=0x0000021a277c2370, length=85, elements={
0x00000219bec8eac0, 0x0000021a186644b0, 0x00000219d572b2c0, 0x00000219d572db30,
0x0000021a18665fa0, 0x0000021a1866b1e0, 0x0000021a18674790, 0x0000021a186777e0,
0x0000021a18678620, 0x0000021a186733e0, 0x0000021a18673a70, 0x0000021a186754b0,
0x0000021a18674e20, 0x0000021a18675b40, 0x0000021a18672d50, 0x0000021a18674100,
0x0000021a1db36dc0, 0x0000021a1db38e90, 0x0000021a1db37ae0, 0x0000021a1db36730,
0x0000021a1db39520, 0x0000021a1db3a240, 0x0000021a1db3a8d0, 0x0000021a1db33fd0,
0x0000021a1db35a10, 0x0000021a1db37450, 0x0000021a1db38800, 0x0000021a1db39bb0,
0x0000021a1db3b5f0, 0x0000021a1db34660, 0x0000021a1db35380, 0x0000021a20e0b890,
0x0000021a20e0bf20, 0x0000021a20e076f0, 0x0000021a20e097c0, 0x0000021a20e07d80,
0x0000021a20e07060, 0x0000021a20e08aa0, 0x0000021a20e08410, 0x0000021a20e09130,
0x0000021a20e0ab70, 0x0000021a20e0c5b0, 0x0000021a20e0a4e0, 0x0000021a20e05620,
0x0000021a20e05cb0, 0x0000021a1fc9d3e0, 0x0000021a1fc9cd50, 0x0000021a1fc9ee20,
0x0000021a1fc9da70, 0x0000021a1fc998d0, 0x0000021a1fc9c030, 0x0000021a1fc98520,
0x0000021a1fc97e90, 0x0000021a1fc9a5f0, 0x0000021a1fc98bb0, 0x0000021a1fc9f4b0,
0x0000021a1fc9b9a0, 0x0000021a1fc99240, 0x0000021a20e09e50, 0x0000021a20e069d0,
0x0000021a22752620, 0x0000021a227546f0, 0x0000021a22751270, 0x0000021a22757b70,
0x0000021a22751f90, 0x0000021a227574e0, 0x0000021a227539d0, 0x0000021a22754060,
0x0000021a227567c0, 0x0000021a22758200, 0x0000021a22756e50, 0x0000021a22754d80,
0x0000021a22755410, 0x0000021a22758890, 0x0000021a22753340, 0x0000021a22751900,
0x0000021a1f16ad20, 0x0000021a1f16eec0, 0x0000021a1f16f550, 0x0000021a1f16cdf0,
0x0000021a1f16db10, 0x0000021a1f16c760, 0x0000021a1f16a690, 0x0000021a21d55bb0,
0x0000021a18968e30
}

Java Threads: ( => current thread )
  0x00000219bec8eac0 JavaThread "main"                              [_thread_blocked, id=1836, stack(0x000000409da00000,0x000000409db00000) (1024K)]
  0x0000021a186644b0 JavaThread "Reference Handler"          daemon [_thread_blocked, id=6592, stack(0x000000409de00000,0x000000409df00000) (1024K)]
  0x00000219d572b2c0 JavaThread "Finalizer"                  daemon [_thread_blocked, id=22224, stack(0x000000409df00000,0x000000409e000000) (1024K)]
  0x00000219d572db30 JavaThread "Signal Dispatcher"          daemon [_thread_blocked, id=7700, stack(0x000000409e000000,0x000000409e100000) (1024K)]
  0x0000021a18665fa0 JavaThread "Attach Listener"            daemon [_thread_blocked, id=3532, stack(0x000000409e100000,0x000000409e200000) (1024K)]
  0x0000021a1866b1e0 JavaThread "Service Thread"             daemon [_thread_blocked, id=7972, stack(0x000000409e200000,0x000000409e300000) (1024K)]
  0x0000021a18674790 JavaThread "Monitor Deflation Thread"   daemon [_thread_blocked, id=19464, stack(0x000000409e300000,0x000000409e400000) (1024K)]
=>0x0000021a186777e0 JavaThread "C2 CompilerThread0"         daemon [_thread_in_native, id=14728, stack(0x000000409e400000,0x000000409e500000) (1024K)]
  0x0000021a18678620 JavaThread "C1 CompilerThread0"         daemon [_thread_blocked, id=1932, stack(0x000000409e500000,0x000000409e600000) (1024K)]
  0x0000021a186733e0 JavaThread "Common-Cleaner"             daemon [_thread_blocked, id=14652, stack(0x000000409e600000,0x000000409e700000) (1024K)]
  0x0000021a18673a70 JavaThread "Notification Thread"        daemon [_thread_blocked, id=22468, stack(0x000000409e900000,0x000000409ea00000) (1024K)]
  0x0000021a186754b0 JavaThread "Active Thread: Equinox Container: 1f74335d-250d-446b-b641-2f2327d0bffa"        [_thread_blocked, id=3396, stack(0x000000409f000000,0x000000409f100000) (1024K)]
  0x0000021a18674e20 JavaThread "Refresh Thread: Equinox Container: 1f74335d-250d-446b-b641-2f2327d0bffa" daemon [_thread_blocked, id=21036, stack(0x000000409f100000,0x000000409f200000) (1024K)]
  0x0000021a18675b40 JavaThread "Framework Event Dispatcher: Equinox Container: 1f74335d-250d-446b-b641-2f2327d0bffa" daemon [_thread_blocked, id=6736, stack(0x000000409f300000,0x000000409f400000) (1024K)]
  0x0000021a18672d50 JavaThread "Start Level: Equinox Container: 1f74335d-250d-446b-b641-2f2327d0bffa" daemon [_thread_blocked, id=21460, stack(0x000000409f400000,0x000000409f500000) (1024K)]
  0x0000021a18674100 JavaThread "Bundle File Closer"         daemon [_thread_blocked, id=21800, stack(0x000000409f700000,0x000000409f800000) (1024K)]
  0x0000021a1db36dc0 JavaThread "SCR Component Actor"        daemon [_thread_blocked, id=15780, stack(0x000000409f800000,0x000000409f900000) (1024K)]
  0x0000021a1db38e90 JavaThread "Worker-JM"                         [_thread_blocked, id=13728, stack(0x000000409f900000,0x000000409fa00000) (1024K)]
  0x0000021a1db37ae0 JavaThread "JNA Cleaner"                daemon [_thread_blocked, id=22624, stack(0x000000409e700000,0x000000409e800000) (1024K)]
  0x0000021a1db36730 JavaThread "Java indexing"              daemon [_thread_blocked, id=23200, stack(0x000000409fc00000,0x000000409fd00000) (1024K)]
  0x0000021a1db39520 JavaThread "Worker-3"                          [_thread_blocked, id=22056, stack(0x000000409ff00000,0x00000040a0000000) (1024K)]
  0x0000021a1db3a240 JavaThread "Worker-4: Building"                [_thread_blocked, id=20296, stack(0x00000040a0000000,0x00000040a0100000) (1024K)]
  0x0000021a1db3a8d0 JavaThread "Thread-1"                   daemon [_thread_in_native, id=9264, stack(0x00000040a0100000,0x00000040a0200000) (1024K)]
  0x0000021a1db33fd0 JavaThread "Thread-2"                   daemon [_thread_in_native, id=20120, stack(0x00000040a0200000,0x00000040a0300000) (1024K)]
  0x0000021a1db35a10 JavaThread "Thread-3"                   daemon [_thread_in_native, id=15852, stack(0x00000040a0300000,0x00000040a0400000) (1024K)]
  0x0000021a1db37450 JavaThread "Thread-4"                   daemon [_thread_in_native, id=18736, stack(0x00000040a0400000,0x00000040a0500000) (1024K)]
  0x0000021a1db38800 JavaThread "Thread-5"                   daemon [_thread_in_native, id=2624, stack(0x00000040a0500000,0x00000040a0600000) (1024K)]
  0x0000021a1db39bb0 JavaThread "Thread-6"                   daemon [_thread_in_native, id=5832, stack(0x00000040a0600000,0x00000040a0700000) (1024K)]
  0x0000021a1db3b5f0 JavaThread "Thread-7"                   daemon [_thread_in_native, id=17128, stack(0x00000040a0700000,0x00000040a0800000) (1024K)]
  0x0000021a1db34660 JavaThread "Thread-8"                   daemon [_thread_in_native, id=23268, stack(0x00000040a0800000,0x00000040a0900000) (1024K)]
  0x0000021a1db35380 JavaThread "Thread-9"                   daemon [_thread_in_native, id=20628, stack(0x00000040a0900000,0x00000040a0a00000) (1024K)]
  0x0000021a20e0b890 JavaThread "Thread-10"                  daemon [_thread_in_native, id=15744, stack(0x00000040a0a00000,0x00000040a0b00000) (1024K)]
  0x0000021a20e0bf20 JavaThread "Thread-11"                  daemon [_thread_in_native, id=19320, stack(0x00000040a0b00000,0x00000040a0c00000) (1024K)]
  0x0000021a20e076f0 JavaThread "Thread-12"                  daemon [_thread_in_native, id=4916, stack(0x00000040a0c00000,0x00000040a0d00000) (1024K)]
  0x0000021a20e097c0 JavaThread "Thread-13"                  daemon [_thread_in_native, id=21852, stack(0x00000040a0d00000,0x00000040a0e00000) (1024K)]
  0x0000021a20e07d80 JavaThread "pool-2-thread-1"                   [_thread_blocked, id=16180, stack(0x00000040a0e00000,0x00000040a0f00000) (1024K)]
  0x0000021a20e07060 JavaThread "ForkJoinPool.commonPool-worker-1" daemon [_thread_blocked, id=19732, stack(0x00000040a0f00000,0x00000040a1000000) (1024K)]
  0x0000021a20e08aa0 JavaThread "ForkJoinPool.commonPool-worker-2" daemon [_thread_blocked, id=524, stack(0x00000040a1000000,0x00000040a1100000) (1024K)]
  0x0000021a20e08410 JavaThread "ForkJoinPool.commonPool-worker-4" daemon [_thread_blocked, id=15624, stack(0x00000040a1200000,0x00000040a1300000) (1024K)]
  0x0000021a20e09130 JavaThread "ForkJoinPool.commonPool-worker-5" daemon [_thread_blocked, id=19020, stack(0x00000040a1300000,0x00000040a1400000) (1024K)]
  0x0000021a20e0ab70 JavaThread "ForkJoinPool.commonPool-worker-6" daemon [_thread_blocked, id=3076, stack(0x00000040a1400000,0x00000040a1500000) (1024K)]
  0x0000021a20e0c5b0 JavaThread "ForkJoinPool.commonPool-worker-7" daemon [_thread_blocked, id=23140, stack(0x00000040a1500000,0x00000040a1600000) (1024K)]
  0x0000021a20e0a4e0 JavaThread "ForkJoinPool.commonPool-worker-8" daemon [_thread_blocked, id=10356, stack(0x00000040a1600000,0x00000040a1700000) (1024K)]
  0x0000021a20e05620 JavaThread "WorkspaceEventsHandler"            [_thread_blocked, id=23488, stack(0x00000040a1800000,0x00000040a1900000) (1024K)]
  0x0000021a20e05cb0 JavaThread "pool-1-thread-1"                   [_thread_blocked, id=21784, stack(0x00000040a1900000,0x00000040a1a00000) (1024K)]
  0x0000021a1fc9d3e0 JavaThread "Cleaner-0"                  daemon [_thread_blocked, id=9212, stack(0x00000040a1a00000,0x00000040a1b00000) (1024K)]
  0x0000021a1fc9cd50 JavaThread "LocalFile Deleter"          daemon [_thread_blocked, id=12200, stack(0x00000040a1c00000,0x00000040a1d00000) (1024K)]
  0x0000021a1fc9ee20 JavaThread "LocalFile Deleter"          daemon [_thread_blocked, id=23504, stack(0x00000040a1d00000,0x00000040a1e00000) (1024K)]
  0x0000021a1fc9da70 JavaThread "LocalFile Deleter"          daemon [_thread_blocked, id=19812, stack(0x00000040a1f00000,0x00000040a2000000) (1024K)]
  0x0000021a1fc998d0 JavaThread "LocalFile Deleter"          daemon [_thread_blocked, id=21352, stack(0x00000040a2000000,0x00000040a2100000) (1024K)]
  0x0000021a1fc9c030 JavaThread "LocalFile Deleter"          daemon [_thread_blocked, id=20892, stack(0x00000040a2200000,0x00000040a2300000) (1024K)]
  0x0000021a1fc98520 JavaThread "LocalFile Deleter"          daemon [_thread_blocked, id=8032, stack(0x00000040a2300000,0x00000040a2400000) (1024K)]
  0x0000021a1fc97e90 JavaThread "LocalFile Deleter"          daemon [_thread_blocked, id=22352, stack(0x00000040a2400000,0x00000040a2500000) (1024K)]
  0x0000021a1fc9a5f0 JavaThread "LocalFile Deleter"          daemon [_thread_blocked, id=16676, stack(0x00000040a2500000,0x00000040a2600000) (1024K)]
  0x0000021a1fc98bb0 JavaThread "LocalFile Deleter"          daemon [_thread_blocked, id=21108, stack(0x00000040a2600000,0x00000040a2700000) (1024K)]
  0x0000021a1fc9f4b0 JavaThread "Compiler Source File Reader" daemon [_thread_blocked, id=14244, stack(0x00000040a2700000,0x00000040a2800000) (1024K)]
  0x0000021a1fc9b9a0 JavaThread "Compiler Source File Reader" daemon [_thread_blocked, id=23360, stack(0x00000040a2800000,0x00000040a2900000) (1024K)]
  0x0000021a1fc99240 JavaThread "Compiler Source File Reader" daemon [_thread_blocked, id=7472, stack(0x00000040a2900000,0x00000040a2a00000) (1024K)]
  0x0000021a20e09e50 JavaThread "Compiler Source File Reader" daemon [_thread_blocked, id=9128, stack(0x00000040a2a00000,0x00000040a2b00000) (1024K)]
  0x0000021a20e069d0 JavaThread "Compiler Source File Reader" daemon [_thread_blocked, id=18384, stack(0x00000040a2b00000,0x00000040a2c00000) (1024K)]
  0x0000021a22752620 JavaThread "Compiler Source File Reader" daemon [_thread_blocked, id=18988, stack(0x00000040a2c00000,0x00000040a2d00000) (1024K)]
  0x0000021a227546f0 JavaThread "Compiler Source File Reader" daemon [_thread_blocked, id=21052, stack(0x00000040a2d00000,0x00000040a2e00000) (1024K)]
  0x0000021a22751270 JavaThread "Compiler Source File Reader" daemon [_thread_blocked, id=20408, stack(0x00000040a2e00000,0x00000040a2f00000) (1024K)]
  0x0000021a22757b70 JavaThread "Compiler Source File Reader" daemon [_thread_blocked, id=2012, stack(0x00000040a2f00000,0x00000040a3000000) (1024K)]
  0x0000021a22751f90 JavaThread "Compiler Source File Reader" daemon [_thread_blocked, id=15600, stack(0x00000040a3000000,0x00000040a3100000) (1024K)]
  0x0000021a227574e0 JavaThread "Compiler Class File Writer" daemon [_thread_blocked, id=21636, stack(0x00000040a3200000,0x00000040a3300000) (1024K)]
  0x0000021a227539d0 JavaThread "Compiler Class File Writer" daemon [_thread_blocked, id=11756, stack(0x00000040a3300000,0x00000040a3400000) (1024K)]
  0x0000021a22754060 JavaThread "Compiler Class File Writer" daemon [_thread_blocked, id=15388, stack(0x00000040a3400000,0x00000040a3500000) (1024K)]
  0x0000021a227567c0 JavaThread "Compiler Class File Writer" daemon [_thread_blocked, id=2144, stack(0x00000040a3500000,0x00000040a3600000) (1024K)]
  0x0000021a22758200 JavaThread "Compiler Class File Writer" daemon [_thread_blocked, id=15372, stack(0x00000040a3600000,0x00000040a3700000) (1024K)]
  0x0000021a22756e50 JavaThread "Compiler Class File Writer" daemon [_thread_blocked, id=17532, stack(0x00000040a3700000,0x00000040a3800000) (1024K)]
  0x0000021a22754d80 JavaThread "Compiler Class File Writer" daemon [_thread_blocked, id=14852, stack(0x00000040a3800000,0x00000040a3900000) (1024K)]
  0x0000021a22755410 JavaThread "Compiler Class File Writer" daemon [_thread_blocked, id=23540, stack(0x00000040a3900000,0x00000040a3a00000) (1024K)]
  0x0000021a22758890 JavaThread "Compiler Class File Writer" daemon [_thread_blocked, id=10324, stack(0x00000040a3a00000,0x00000040a3b00000) (1024K)]
  0x0000021a22753340 JavaThread "Compiler Class File Writer" daemon [_thread_blocked, id=23020, stack(0x00000040a3b00000,0x00000040a3c00000) (1024K)]
  0x0000021a22751900 JavaThread "ForkJoinPool.commonPool-worker-10" daemon [_thread_blocked, id=11112, stack(0x000000409fb00000,0x000000409fc00000) (1024K)]
  0x0000021a1f16ad20 JavaThread "ForkJoinPool.commonPool-worker-11" daemon [_thread_blocked, id=20328, stack(0x00000040a3d00000,0x00000040a3e00000) (1024K)]
  0x0000021a1f16eec0 JavaThread "HttpClient-1-SelectorManager" daemon [_thread_in_native, id=20252, stack(0x00000040a4000000,0x00000040a4100000) (1024K)]
  0x0000021a1f16f550 JavaThread "ForkJoinPool.commonPool-worker-13" daemon [_thread_blocked, id=8116, stack(0x000000409d700000,0x000000409d800000) (1024K)]
  0x0000021a1f16cdf0 JavaThread "ForkJoinPool.commonPool-worker-12" daemon [_thread_blocked, id=15572, stack(0x000000409d800000,0x000000409d900000) (1024K)]
  0x0000021a1f16db10 JavaThread "Worker-5"                          [_thread_blocked, id=21880, stack(0x000000409fa00000,0x000000409fb00000) (1024K)]
  0x0000021a1f16c760 JavaThread "Compiler Processing Task"   daemon [_thread_blocked, id=22588, stack(0x000000409fd00000,0x000000409fe00000) (1024K)]
  0x0000021a1f16a690 JavaThread "Worker-6"                          [_thread_blocked, id=21856, stack(0x000000409d900000,0x000000409da00000) (1024K)]
  0x0000021a21d55bb0 JavaThread "C2 CompilerThread1"         daemon [_thread_blocked, id=23428, stack(0x000000409e800000,0x000000409e900000) (1024K)]
  0x0000021a18968e30 JavaThread "C2 CompilerThread2"         daemon [_thread_in_native, id=15552, stack(0x000000409fe00000,0x000000409ff00000) (1024K)]
Total: 85

Other Threads:
  0x00000219d5714110 VMThread "VM Thread"                           [id=18272, stack(0x000000409dd00000,0x000000409de00000) (1024K)]
  0x00000219becfae30 WatcherThread "VM Periodic Task Thread"        [id=22396, stack(0x000000409dc00000,0x000000409dd00000) (1024K)]
  0x00000219becae110 WorkerThread "GC Thread#0"                     [id=21256, stack(0x000000409db00000,0x000000409dc00000) (1024K)]
  0x0000021a1da16010 WorkerThread "GC Thread#1"                     [id=22616, stack(0x000000409ea00000,0x000000409eb00000) (1024K)]
  0x0000021a1da167b0 WorkerThread "GC Thread#2"                     [id=15864, stack(0x000000409eb00000,0x000000409ec00000) (1024K)]
  0x0000021a1d402c60 WorkerThread "GC Thread#3"                     [id=5500, stack(0x000000409ec00000,0x000000409ed00000) (1024K)]
  0x0000021a1d6010e0 WorkerThread "GC Thread#4"                     [id=2292, stack(0x000000409ed00000,0x000000409ee00000) (1024K)]
  0x0000021a1d601480 WorkerThread "GC Thread#5"                     [id=5784, stack(0x000000409ee00000,0x000000409ef00000) (1024K)]
  0x0000021a189ff4f0 WorkerThread "GC Thread#6"                     [id=22820, stack(0x000000409ef00000,0x000000409f000000) (1024K)]
  0x0000021a1d450060 WorkerThread "GC Thread#7"                     [id=14544, stack(0x000000409f200000,0x000000409f300000) (1024K)]
  0x0000021a1d5938b0 WorkerThread "GC Thread#8"                     [id=14916, stack(0x000000409f500000,0x000000409f600000) (1024K)]
  0x0000021a1d594390 WorkerThread "GC Thread#9"                     [id=20460, stack(0x000000409f600000,0x000000409f700000) (1024K)]
Total: 12

Threads with active compile tasks:
C2 CompilerThread0  227544 15342 %     4       org.eclipse.jdt.internal.core.index.DiskIndex::mergeCategory @ 66 (301 bytes)
C2 CompilerThread1  227544 15373 %     4       org.eclipse.jdt.internal.core.index.DiskIndex::writeCategoryTable @ 22 (252 bytes)
C2 CompilerThread2  227544 15325       4       org.eclipse.jdt.internal.compiler.parser.Parser::consumeRule (7748 bytes)
Total: 3

VM state: at safepoint (normal execution)

VM Mutex/Monitor currently owned by a thread:  ([mutex/lock_event])
[0x00007ffa17bc5458] Threads_lock - owner thread: 0x00000219d5714110
[0x00007ffa17bc5558] Heap_lock - owner thread: 0x0000021a1db36730

Heap address: 0x0000000080000000, size: 2048 MB, Compressed Oops mode: 32-bit

CDS archive(s) mapped at: [0x00000219d6000000-0x00000219d6ba0000-0x00000219d6ba0000), size 12189696, SharedBaseAddress: 0x00000219d6000000, ArchiveRelocationMode: 1.
Compressed class space mapped at: 0x00000219d7000000-0x0000021a17000000, reserved size: 1073741824
Narrow klass base: 0x00000219d6000000, Narrow klass shift: 0, Narrow klass range: 0x100000000

GC Precious Log:
 CardTable entry size: 512
 CPUs: 12 total, 12 available
 Memory: 15773M
 Large Page Support: Disabled
 NUMA Support: Disabled
 Compressed Oops: Enabled (32-bit)
 Alignments: Space 512K, Generation 512K, Heap 2M
 Heap Min Capacity: 100M
 Heap Initial Capacity: 100M
 Heap Max Capacity: 2G
 Pre-touch: Disabled
 Parallel Workers: 10

Heap:
 PSYoungGen      total 6144K, used 5438K [0x00000000d5580000, 0x00000000d5d80000, 0x0000000100000000)
  eden space 4096K, 100% used [0x00000000d5580000,0x00000000d5980000,0x00000000d5980000)
  from space 2048K, 65% used [0x00000000d5980000,0x00000000d5acfb70,0x00000000d5b80000)
  to   space 1536K, 100% used [0x00000000d5c00000,0x00000000d5d80000,0x00000000d5d80000)
 ParOldGen       total 259584K, used 259349K [0x0000000080000000, 0x000000008fd80000, 0x00000000d5580000)
  object space 259584K, 99% used [0x0000000080000000,0x000000008fd45710,0x000000008fd80000)
 Metaspace       used 78471K, committed 80128K, reserved 1179648K
  class space    used 8238K, committed 8960K, reserved 1048576K

Card table byte_map: [0x00000219be640000,0x00000219bea50000] _byte_map_base: 0x00000219be240000

Marking Bits: (ParMarkBitMap*) 0x00007ffa17bca340
 Begin Bits: [0x00000219d1130000, 0x00000219d3130000)
 End Bits:   [0x00000219d3130000, 0x00000219d5130000)

Polling page: 0x00000219bcb00000

Metaspace:

Usage:
  Non-class:     68.59 MB used.
      Class:      8.05 MB used.
       Both:     76.63 MB used.

Virtual space:
  Non-class space:      128.00 MB reserved,      69.50 MB ( 54%) committed,  2 nodes.
      Class space:        1.00 GB reserved,       8.75 MB ( <1%) committed,  1 nodes.
             Both:        1.12 GB reserved,      78.25 MB (  7%) committed. 

Chunk freelists:
   Non-Class:  10.13 MB
       Class:  7.27 MB
        Both:  17.40 MB

MaxMetaspaceSize: unlimited
CompressedClassSpaceSize: 1.00 GB
Initial GC threshold: 21.00 MB
Current GC threshold: 97.31 MB
CDS: on
 - commit_granule_bytes: 65536.
 - commit_granule_words: 8192.
 - virtual_space_node_default_size: 8388608.
 - enlarge_chunks_in_place: 1.
 - use_allocation_guard: 0.


Internal statistics:

num_allocs_failed_limit: 9.
num_arena_births: 1502.
num_arena_deaths: 22.
num_vsnodes_births: 3.
num_vsnodes_deaths: 0.
num_space_committed: 1252.
num_space_uncommitted: 0.
num_chunks_returned_to_freelist: 35.
num_chunks_taken_from_freelist: 5356.
num_chunk_merges: 19.
num_chunk_splits: 3162.
num_chunks_enlarged: 1668.
num_inconsistent_stats: 0.

CodeHeap 'non-profiled nmethods': size=120000Kb used=10878Kb max_used=10878Kb free=109121Kb
 bounds [0x00000219c9950000, 0x00000219ca3f0000, 0x00000219d0e80000]
CodeHeap 'profiled nmethods': size=120000Kb used=34739Kb max_used=34739Kb free=85260Kb
 bounds [0x00000219c1e80000, 0x00000219c4070000, 0x00000219c93b0000]
CodeHeap 'non-nmethods': size=5760Kb used=1496Kb max_used=1546Kb free=4263Kb
 bounds [0x00000219c93b0000, 0x00000219c9620000, 0x00000219c9950000]
CodeCache: size=245760Kb, used=47113Kb, max_used=47163Kb, free=198644Kb
 total_blobs=15496, nmethods=14679, adapters=719, full_count=0
Compilation: enabled, stopped_count=0, restarted_count=0

Compilation events (20 events):
Event: 227.491 Thread 0x0000021a18678620 nmethod 15410 0x00000219c4062b10 code [0x00000219c4062d00, 0x00000219c40630e0]
Event: 227.491 Thread 0x0000021a18678620 15411       3       org.apache.maven.artifact.DefaultArtifact::getDependencyConflictId (37 bytes)
Event: 227.492 Thread 0x0000021a18678620 nmethod 15411 0x00000219c4063210 code [0x00000219c4063440, 0x00000219c4063970]
Event: 227.492 Thread 0x0000021a18678620 15412       1       org.apache.maven.plugin.PluginRealmCache$CacheRecord::getRealm (5 bytes)
Event: 227.492 Thread 0x0000021a18678620 nmethod 15412 0x00000219ca3edb10 code [0x00000219ca3edca0, 0x00000219ca3edd68]
Event: 227.492 Thread 0x0000021a21d55bb0 nmethod 15331 0x00000219ca3ede10 code [0x00000219ca3ee0a0, 0x00000219ca3ef008]
Event: 227.492 Thread 0x0000021a18678620 15413       3       org.codehaus.plexus.configuration.DefaultPlexusConfiguration::getChildCount (10 bytes)
Event: 227.492 Thread 0x0000021a18678620 nmethod 15413 0x00000219c4063c10 code [0x00000219c4063dc0, 0x00000219c4063f98]
Event: 227.492 Thread 0x0000021a18678620 15414       1       org.apache.maven.project.MavenProject::getBasedir (5 bytes)
Event: 227.492 Thread 0x0000021a21d55bb0 15373 %     4       org.eclipse.jdt.internal.core.index.DiskIndex::writeCategoryTable @ 22 (252 bytes)
Event: 227.492 Thread 0x0000021a18678620 nmethod 15414 0x00000219ca3ef890 code [0x00000219ca3efa20, 0x00000219ca3efae8]
Event: 227.493 Thread 0x0000021a18678620 15415       3       org.eclipse.core.internal.resources.Resource::contains (131 bytes)
Event: 227.493 Thread 0x0000021a18678620 nmethod 15415 0x00000219c4064090 code [0x00000219c4064320, 0x00000219c40652c0]
Event: 227.494 Thread 0x0000021a18678620 15416       3       org.eclipse.jdt.internal.core.JavaModelManager::clearExternalFileState (19 bytes)
Event: 227.494 Thread 0x0000021a18678620 nmethod 15416 0x00000219c4065690 code [0x00000219c4065840, 0x00000219c4065a48]
Event: 227.494 Thread 0x0000021a18678620 15417   !   3       org.eclipse.jdt.internal.core.DeltaProcessingState::getExternalLibTimeStamps (173 bytes)
Event: 227.496 Thread 0x0000021a18678620 nmethod 15417 0x00000219c4065b10 code [0x00000219c4066020, 0x00000219c4068458]
Event: 227.497 Thread 0x0000021a18678620 15418       3       org.eclipse.jdt.internal.core.DeltaProcessor::getTimeStamp (17 bytes)
Event: 227.497 Thread 0x0000021a18678620 nmethod 15418 0x00000219c4069610 code [0x00000219c4069840, 0x00000219c4069db0]
Event: 227.501 Thread 0x0000021a18678620 15419       3       org.eclipse.jdt.ls.core.internal.filesystem.JLSFsUtils::getProjectNameIfLocationIsProjectRoot (68 bytes)

GC Heap History (20 events):
Event: 227.412 GC heap before
{Heap before GC invocations=333 (full 3):
 PSYoungGen      total 2048K, used 1760K [0x00000000d5580000, 0x00000000d5900000, 0x0000000100000000)
  eden space 1024K, 100% used [0x00000000d5580000,0x00000000d5680000,0x00000000d5680000)
  from space 1024K, 71% used [0x00000000d5680000,0x00000000d5738000,0x00000000d5780000)
  to   space 1024K, 0% used [0x00000000d5800000,0x00000000d5800000,0x00000000d5900000)
 ParOldGen       total 245760K, used 245356K [0x0000000080000000, 0x000000008f000000, 0x00000000d5580000)
  object space 245760K, 99% used [0x0000000080000000,0x000000008ef9b330,0x000000008f000000)
 Metaspace       used 78416K, committed 80128K, reserved 1179648K
  class space    used 8238K, committed 8960K, reserved 1048576K
}
Event: 227.414 GC heap after
{Heap after GC invocations=333 (full 3):
 PSYoungGen      total 2560K, used 768K [0x00000000d5580000, 0x00000000d5900000, 0x0000000100000000)
  eden space 1536K, 0% used [0x00000000d5580000,0x00000000d5580000,0x00000000d5700000)
  from space 1024K, 75% used [0x00000000d5800000,0x00000000d58c0000,0x00000000d5900000)
  to   space 1024K, 0% used [0x00000000d5700000,0x00000000d5700000,0x00000000d5800000)
 ParOldGen       total 246272K, used 245999K [0x0000000080000000, 0x000000008f080000, 0x00000000d5580000)
  object space 246272K, 99% used [0x0000000080000000,0x000000008f03bc30,0x000000008f080000)
 Metaspace       used 78416K, committed 80128K, reserved 1179648K
  class space    used 8238K, committed 8960K, reserved 1048576K
}
Event: 227.419 GC heap before
{Heap before GC invocations=334 (full 3):
 PSYoungGen      total 2560K, used 2304K [0x00000000d5580000, 0x00000000d5900000, 0x0000000100000000)
  eden space 1536K, 100% used [0x00000000d5580000,0x00000000d5700000,0x00000000d5700000)
  from space 1024K, 75% used [0x00000000d5800000,0x00000000d58c0000,0x00000000d5900000)
  to   space 1024K, 0% used [0x00000000d5700000,0x00000000d5700000,0x00000000d5800000)
 ParOldGen       total 246272K, used 245999K [0x0000000080000000, 0x000000008f080000, 0x00000000d5580000)
  object space 246272K, 99% used [0x0000000080000000,0x000000008f03bc30,0x000000008f080000)
 Metaspace       used 78417K, committed 80128K, reserved 1179648K
  class space    used 8238K, committed 8960K, reserved 1048576K
}
Event: 227.421 GC heap after
{Heap after GC invocations=334 (full 3):
 PSYoungGen      total 2560K, used 1024K [0x00000000d5580000, 0x00000000d5c80000, 0x0000000100000000)
  eden space 1536K, 0% used [0x00000000d5580000,0x00000000d5580000,0x00000000d5700000)
  from space 1024K, 100% used [0x00000000d5700000,0x00000000d5800000,0x00000000d5800000)
  to   space 2560K, 0% used [0x00000000d5a00000,0x00000000d5a00000,0x00000000d5c80000)
 ParOldGen       total 247296K, used 246903K [0x0000000080000000, 0x000000008f180000, 0x00000000d5580000)
  object space 247296K, 99% used [0x0000000080000000,0x000000008f11dc40,0x000000008f180000)
 Metaspace       used 78417K, committed 80128K, reserved 1179648K
  class space    used 8238K, committed 8960K, reserved 1048576K
}
Event: 227.423 GC heap before
{Heap before GC invocations=335 (full 3):
 PSYoungGen      total 2560K, used 2560K [0x00000000d5580000, 0x00000000d5c80000, 0x0000000100000000)
  eden space 1536K, 100% used [0x00000000d5580000,0x00000000d5700000,0x00000000d5700000)
  from space 1024K, 100% used [0x00000000d5700000,0x00000000d5800000,0x00000000d5800000)
  to   space 2560K, 0% used [0x00000000d5a00000,0x00000000d5a00000,0x00000000d5c80000)
 ParOldGen       total 247296K, used 246903K [0x0000000080000000, 0x000000008f180000, 0x00000000d5580000)
  object space 247296K, 99% used [0x0000000080000000,0x000000008f11dc40,0x000000008f180000)
 Metaspace       used 78418K, committed 80128K, reserved 1179648K
  class space    used 8238K, committed 8960K, reserved 1048576K
}
Event: 227.425 GC heap after
{Heap after GC invocations=335 (full 3):
 PSYoungGen      total 3584K, used 1344K [0x00000000d5580000, 0x00000000d5b80000, 0x0000000100000000)
  eden space 2048K, 0% used [0x00000000d5580000,0x00000000d5580000,0x00000000d5780000)
  from space 1536K, 87% used [0x00000000d5a00000,0x00000000d5b50000,0x00000000d5b80000)
  to   space 2048K, 0% used [0x00000000d5780000,0x00000000d5780000,0x00000000d5980000)
 ParOldGen       total 248320K, used 247959K [0x0000000080000000, 0x000000008f280000, 0x00000000d5580000)
  object space 248320K, 99% used [0x0000000080000000,0x000000008f225c40,0x000000008f280000)
 Metaspace       used 78418K, committed 80128K, reserved 1179648K
  class space    used 8238K, committed 8960K, reserved 1048576K
}
Event: 227.430 GC heap before
{Heap before GC invocations=336 (full 3):
 PSYoungGen      total 3584K, used 3392K [0x00000000d5580000, 0x00000000d5b80000, 0x0000000100000000)
  eden space 2048K, 100% used [0x00000000d5580000,0x00000000d5780000,0x00000000d5780000)
  from space 1536K, 87% used [0x00000000d5a00000,0x00000000d5b50000,0x00000000d5b80000)
  to   space 2048K, 0% used [0x00000000d5780000,0x00000000d5780000,0x00000000d5980000)
 ParOldGen       total 248320K, used 247959K [0x0000000080000000, 0x000000008f280000, 0x00000000d5580000)
  object space 248320K, 99% used [0x0000000080000000,0x000000008f225c40,0x000000008f280000)
 Metaspace       used 78421K, committed 80128K, reserved 1179648K
  class space    used 8238K, committed 8960K, reserved 1048576K
}
Event: 227.432 GC heap after
{Heap after GC invocations=336 (full 3):
 PSYoungGen      total 4096K, used 1280K [0x00000000d5580000, 0x00000000d5b00000, 0x0000000100000000)
  eden space 2048K, 0% used [0x00000000d5580000,0x00000000d5580000,0x00000000d5780000)
  from space 2048K, 62% used [0x00000000d5780000,0x00000000d58c0000,0x00000000d5980000)
  to   space 1536K, 0% used [0x00000000d5980000,0x00000000d5980000,0x00000000d5b00000)
 ParOldGen       total 249344K, used 249215K [0x0000000080000000, 0x000000008f380000, 0x00000000d5580000)
  object space 249344K, 99% used [0x0000000080000000,0x000000008f35fc40,0x000000008f380000)
 Metaspace       used 78421K, committed 80128K, reserved 1179648K
  class space    used 8238K, committed 8960K, reserved 1048576K
}
Event: 227.434 GC heap before
{Heap before GC invocations=337 (full 3):
 PSYoungGen      total 4096K, used 3327K [0x00000000d5580000, 0x00000000d5b00000, 0x0000000100000000)
  eden space 2048K, 99% used [0x00000000d5580000,0x00000000d577ffb8,0x00000000d5780000)
  from space 2048K, 62% used [0x00000000d5780000,0x00000000d58c0000,0x00000000d5980000)
  to   space 1536K, 0% used [0x00000000d5980000,0x00000000d5980000,0x00000000d5b00000)
 ParOldGen       total 249344K, used 249215K [0x0000000080000000, 0x000000008f380000, 0x00000000d5580000)
  object space 249344K, 99% used [0x0000000080000000,0x000000008f35fc40,0x000000008f380000)
 Metaspace       used 78422K, committed 80128K, reserved 1179648K
  class space    used 8238K, committed 8960K, reserved 1048576K
}
Event: 227.435 GC heap after
{Heap after GC invocations=337 (full 3):
 PSYoungGen      total 4096K, used 1264K [0x00000000d5580000, 0x00000000d5b00000, 0x0000000100000000)
  eden space 2560K, 0% used [0x00000000d5580000,0x00000000d5580000,0x00000000d5800000)
  from space 1536K, 82% used [0x00000000d5980000,0x00000000d5abc010,0x00000000d5b00000)
  to   space 1536K, 0% used [0x00000000d5800000,0x00000000d5800000,0x00000000d5980000)
 ParOldGen       total 250880K, used 250391K [0x0000000080000000, 0x000000008f500000, 0x00000000d5580000)
  object space 250880K, 99% used [0x0000000080000000,0x000000008f485c60,0x000000008f500000)
 Metaspace       used 78422K, committed 80128K, reserved 1179648K
  class space    used 8238K, committed 8960K, reserved 1048576K
}
Event: 227.441 GC heap before
{Heap before GC invocations=338 (full 3):
 PSYoungGen      total 4096K, used 3824K [0x00000000d5580000, 0x00000000d5b00000, 0x0000000100000000)
  eden space 2560K, 100% used [0x00000000d5580000,0x00000000d5800000,0x00000000d5800000)
  from space 1536K, 82% used [0x00000000d5980000,0x00000000d5abc010,0x00000000d5b00000)
  to   space 1536K, 0% used [0x00000000d5800000,0x00000000d5800000,0x00000000d5980000)
 ParOldGen       total 250880K, used 250391K [0x0000000080000000, 0x000000008f500000, 0x00000000d5580000)
  object space 250880K, 99% used [0x0000000080000000,0x000000008f485c60,0x000000008f500000)
 Metaspace       used 78425K, committed 80128K, reserved 1179648K
  class space    used 8238K, committed 8960K, reserved 1048576K
}
Event: 227.443 GC heap after
{Heap after GC invocations=338 (full 3):
 PSYoungGen      total 4096K, used 1528K [0x00000000d5580000, 0x00000000d5e80000, 0x0000000100000000)
  eden space 2560K, 0% used [0x00000000d5580000,0x00000000d5580000,0x00000000d5800000)
  from space 1536K, 99% used [0x00000000d5800000,0x00000000d597e2e8,0x00000000d5980000)
  to   space 3072K, 0% used [0x00000000d5b80000,0x00000000d5b80000,0x00000000d5e80000)
 ParOldGen       total 251904K, used 251655K [0x0000000080000000, 0x000000008f600000, 0x00000000d5580000)
  object space 251904K, 99% used [0x0000000080000000,0x000000008f5c1c70,0x000000008f600000)
 Metaspace       used 78425K, committed 80128K, reserved 1179648K
  class space    used 8238K, committed 8960K, reserved 1048576K
}
Event: 227.447 GC heap before
{Heap before GC invocations=339 (full 3):
 PSYoungGen      total 4096K, used 3939K [0x00000000d5580000, 0x00000000d5e80000, 0x0000000100000000)
  eden space 2560K, 94% used [0x00000000d5580000,0x00000000d57dad08,0x00000000d5800000)
  from space 1536K, 99% used [0x00000000d5800000,0x00000000d597e2e8,0x00000000d5980000)
  to   space 3072K, 0% used [0x00000000d5b80000,0x00000000d5b80000,0x00000000d5e80000)
 ParOldGen       total 251904K, used 251655K [0x0000000080000000, 0x000000008f600000, 0x00000000d5580000)
  object space 251904K, 99% used [0x0000000080000000,0x000000008f5c1c70,0x000000008f600000)
 Metaspace       used 78435K, committed 80128K, reserved 1179648K
  class space    used 8238K, committed 8960K, reserved 1048576K
}
Event: 227.448 GC heap after
{Heap after GC invocations=339 (full 3):
 PSYoungGen      total 5120K, used 1924K [0x00000000d5580000, 0x00000000d5d80000, 0x0000000100000000)
  eden space 3072K, 0% used [0x00000000d5580000,0x00000000d5580000,0x00000000d5880000)
  from space 2048K, 93% used [0x00000000d5b80000,0x00000000d5d61160,0x00000000d5d80000)
  to   space 2560K, 0% used [0x00000000d5880000,0x00000000d5880000,0x00000000d5b00000)
 ParOldGen       total 253440K, used 253117K [0x0000000080000000, 0x000000008f780000, 0x00000000d5580000)
  object space 253440K, 99% used [0x0000000080000000,0x000000008f72f758,0x000000008f780000)
 Metaspace       used 78435K, committed 80128K, reserved 1179648K
  class space    used 8238K, committed 8960K, reserved 1048576K
}
Event: 227.456 GC heap before
{Heap before GC invocations=340 (full 3):
 PSYoungGen      total 5120K, used 4996K [0x00000000d5580000, 0x00000000d5d80000, 0x0000000100000000)
  eden space 3072K, 100% used [0x00000000d5580000,0x00000000d5880000,0x00000000d5880000)
  from space 2048K, 93% used [0x00000000d5b80000,0x00000000d5d61160,0x00000000d5d80000)
  to   space 2560K, 0% used [0x00000000d5880000,0x00000000d5880000,0x00000000d5b00000)
 ParOldGen       total 253440K, used 253117K [0x0000000080000000, 0x000000008f780000, 0x00000000d5580000)
  object space 253440K, 99% used [0x0000000080000000,0x000000008f72f758,0x000000008f780000)
 Metaspace       used 78442K, committed 80128K, reserved 1179648K
  class space    used 8238K, committed 8960K, reserved 1048576K
}
Event: 227.458 GC heap after
{Heap after GC invocations=340 (full 3):
 PSYoungGen      total 5632K, used 1857K [0x00000000d5580000, 0x00000000d5d80000, 0x0000000100000000)
  eden space 3072K, 0% used [0x00000000d5580000,0x00000000d5580000,0x00000000d5880000)
  from space 2560K, 72% used [0x00000000d5880000,0x00000000d5a50560,0x00000000d5b00000)
  to   space 2048K, 0% used [0x00000000d5b80000,0x00000000d5b80000,0x00000000d5d80000)
 ParOldGen       total 254976K, used 254966K [0x0000000080000000, 0x000000008f900000, 0x00000000d5580000)
  object space 254976K, 99% used [0x0000000080000000,0x000000008f8fd9f8,0x000000008f900000)
 Metaspace       used 78442K, committed 80128K, reserved 1179648K
  class space    used 8238K, committed 8960K, reserved 1048576K
}
Event: 227.467 GC heap before
{Heap before GC invocations=341 (full 3):
 PSYoungGen      total 5632K, used 4914K [0x00000000d5580000, 0x00000000d5d80000, 0x0000000100000000)
  eden space 3072K, 99% used [0x00000000d5580000,0x00000000d587c5a0,0x00000000d5880000)
  from space 2560K, 72% used [0x00000000d5880000,0x00000000d5a50560,0x00000000d5b00000)
  to   space 2048K, 0% used [0x00000000d5b80000,0x00000000d5b80000,0x00000000d5d80000)
 ParOldGen       total 254976K, used 254966K [0x0000000080000000, 0x000000008f900000, 0x00000000d5580000)
  object space 254976K, 99% used [0x0000000080000000,0x000000008f8fd9f8,0x000000008f900000)
 Metaspace       used 78447K, committed 80128K, reserved 1179648K
  class space    used 8238K, committed 8960K, reserved 1048576K
}
Event: 227.469 GC heap after
{Heap after GC invocations=341 (full 3):
 PSYoungGen      total 6144K, used 1488K [0x00000000d5580000, 0x00000000d5d80000, 0x0000000100000000)
  eden space 4096K, 0% used [0x00000000d5580000,0x00000000d5580000,0x00000000d5980000)
  from space 2048K, 72% used [0x00000000d5b80000,0x00000000d5cf4000,0x00000000d5d80000)
  to   space 2048K, 0% used [0x00000000d5980000,0x00000000d5980000,0x00000000d5b80000)
 ParOldGen       total 257024K, used 256649K [0x0000000080000000, 0x000000008fb00000, 0x00000000d5580000)
  object space 257024K, 99% used [0x0000000080000000,0x000000008faa26d0,0x000000008fb00000)
 Metaspace       used 78447K, committed 80128K, reserved 1179648K
  class space    used 8238K, committed 8960K, reserved 1048576K
}
Event: 227.497 GC heap before
{Heap before GC invocations=342 (full 3):
 PSYoungGen      total 6144K, used 5584K [0x00000000d5580000, 0x00000000d5d80000, 0x0000000100000000)
  eden space 4096K, 100% used [0x00000000d5580000,0x00000000d5980000,0x00000000d5980000)
  from space 2048K, 72% used [0x00000000d5b80000,0x00000000d5cf4000,0x00000000d5d80000)
  to   space 2048K, 0% used [0x00000000d5980000,0x00000000d5980000,0x00000000d5b80000)
 ParOldGen       total 257024K, used 256649K [0x0000000080000000, 0x000000008fb00000, 0x00000000d5580000)
  object space 257024K, 99% used [0x0000000080000000,0x000000008faa26d0,0x000000008fb00000)
 Metaspace       used 78470K, committed 80128K, reserved 1179648K
  class space    used 8238K, committed 8960K, reserved 1048576K
}
Event: 227.499 GC heap after
{Heap after GC invocations=342 (full 3):
 PSYoungGen      total 6144K, used 1342K [0x00000000d5580000, 0x00000000d5d80000, 0x0000000100000000)
  eden space 4096K, 0% used [0x00000000d5580000,0x00000000d5580000,0x00000000d5980000)
  from space 2048K, 65% used [0x00000000d5980000,0x00000000d5acfb70,0x00000000d5b80000)
  to   space 1536K, 0% used [0x00000000d5c00000,0x00000000d5c00000,0x00000000d5d80000)
 ParOldGen       total 258048K, used 257982K [0x0000000080000000, 0x000000008fc00000, 0x00000000d5580000)
  object space 258048K, 99% used [0x0000000080000000,0x000000008fbef958,0x000000008fc00000)
 Metaspace       used 78470K, committed 80128K, reserved 1179648K
  class space    used 8238K, committed 8960K, reserved 1048576K
}

Dll operation events (12 events):
Event: 0.008 Loaded shared library c:\Users\abhig\.vscode\extensions\redhat.java-1.47.0-win32-x64\jre\21.0.8-win32-x86_64\bin\java.dll
Event: 0.062 Loaded shared library c:\Users\abhig\.vscode\extensions\redhat.java-1.47.0-win32-x64\jre\21.0.8-win32-x86_64\bin\zip.dll
Event: 0.080 Loaded shared library C:\Users\abhig\.vscode\extensions\redhat.java-1.47.0-win32-x64\jre\21.0.8-win32-x86_64\bin\instrument.dll
Event: 0.084 Loaded shared library C:\Users\abhig\.vscode\extensions\redhat.java-1.47.0-win32-x64\jre\21.0.8-win32-x86_64\bin\net.dll
Event: 0.085 Loaded shared library C:\Users\abhig\.vscode\extensions\redhat.java-1.47.0-win32-x64\jre\21.0.8-win32-x86_64\bin\nio.dll
Event: 0.088 Loaded shared library C:\Users\abhig\.vscode\extensions\redhat.java-1.47.0-win32-x64\jre\21.0.8-win32-x86_64\bin\zip.dll
Event: 0.104 Loaded shared library C:\Users\abhig\.vscode\extensions\redhat.java-1.47.0-win32-x64\jre\21.0.8-win32-x86_64\bin\jimage.dll
Event: 0.158 Loaded shared library c:\Users\abhig\.vscode\extensions\redhat.java-1.47.0-win32-x64\jre\21.0.8-win32-x86_64\bin\verify.dll
Event: 1.031 Loaded shared library C:\Users\abhig\AppData\Roaming\Code\User\globalStorage\redhat.java\1.47.0\config_win\org.eclipse.equinox.launcher\org.eclipse.equinox.launcher.win32.win32.x86_64_1.2.1400.v20250801-0854\eclipse_11916.dll
Event: 2.130 Loaded shared library C:\Users\abhig\AppData\Local\Temp\jna-92604357\jna14098072662895920518.dll
Event: 34.873 Loaded shared library C:\Users\abhig\.vscode\extensions\redhat.java-1.47.0-win32-x64\jre\21.0.8-win32-x86_64\bin\sunmscapi.dll
Event: 34.907 Loaded shared library C:\Users\abhig\.vscode\extensions\redhat.java-1.47.0-win32-x64\jre\21.0.8-win32-x86_64\bin\extnet.dll

Deoptimization events (20 events):
Event: 227.437 Thread 0x0000021a1db3a240 Uncommon trap: trap_request=0xffffffc6 fr.pc=0x00000219ca3bf6b0 relative=0x0000000000000610
Event: 227.437 Thread 0x0000021a1db3a240 Uncommon trap: reason=bimorphic_or_optimized_type_check action=maybe_recompile pc=0x00000219ca3bf6b0 method=org.eclipse.jdt.internal.compiler.parser.Scanner.atMultiCaseComma()Z @ 33 c2
Event: 227.437 Thread 0x0000021a1db3a240 DEOPT PACKING pc=0x00000219ca3bf6b0 sp=0x00000040a00fe3a0
Event: 227.437 Thread 0x0000021a1db3a240 DEOPT UNPACKING pc=0x00000219c9403aa2 sp=0x00000040a00fe270 mode 2
Event: 227.438 Thread 0x0000021a1db3a240 Uncommon trap: trap_request=0xffffffc6 fr.pc=0x00000219ca3bf6b0 relative=0x0000000000000610
Event: 227.438 Thread 0x0000021a1db3a240 Uncommon trap: reason=bimorphic_or_optimized_type_check action=maybe_recompile pc=0x00000219ca3bf6b0 method=org.eclipse.jdt.internal.compiler.parser.Scanner.atMultiCaseComma()Z @ 33 c2
Event: 227.438 Thread 0x0000021a1db3a240 DEOPT PACKING pc=0x00000219ca3bf6b0 sp=0x00000040a00fe3a0
Event: 227.438 Thread 0x0000021a1db3a240 DEOPT UNPACKING pc=0x00000219c9403aa2 sp=0x00000040a00fe270 mode 2
Event: 227.438 Thread 0x0000021a1db3a240 Uncommon trap: trap_request=0xffffffc6 fr.pc=0x00000219ca3bf6b0 relative=0x0000000000000610
Event: 227.438 Thread 0x0000021a1db3a240 Uncommon trap: reason=bimorphic_or_optimized_type_check action=maybe_recompile pc=0x00000219ca3bf6b0 method=org.eclipse.jdt.internal.compiler.parser.Scanner.atMultiCaseComma()Z @ 33 c2
Event: 227.438 Thread 0x0000021a1db3a240 DEOPT PACKING pc=0x00000219ca3bf6b0 sp=0x00000040a00fe3a0
Event: 227.438 Thread 0x0000021a1db3a240 DEOPT UNPACKING pc=0x00000219c9403aa2 sp=0x00000040a00fe270 mode 2
Event: 227.438 Thread 0x0000021a1db3a240 Uncommon trap: trap_request=0xffffffc6 fr.pc=0x00000219ca3bf6b0 relative=0x0000000000000610
Event: 227.438 Thread 0x0000021a1db3a240 Uncommon trap: reason=bimorphic_or_optimized_type_check action=maybe_recompile pc=0x00000219ca3bf6b0 method=org.eclipse.jdt.internal.compiler.parser.Scanner.atMultiCaseComma()Z @ 33 c2
Event: 227.438 Thread 0x0000021a1db3a240 DEOPT PACKING pc=0x00000219ca3bf6b0 sp=0x00000040a00fe3a0
Event: 227.438 Thread 0x0000021a1db3a240 DEOPT UNPACKING pc=0x00000219c9403aa2 sp=0x00000040a00fe270 mode 2
Event: 227.481 Thread 0x0000021a1db36730 DEOPT PACKING pc=0x00000219c401d7cc sp=0x000000409fcfe8a0
Event: 227.481 Thread 0x0000021a1db36730 DEOPT UNPACKING pc=0x00000219c9404242 sp=0x000000409fcfdd80 mode 0
Event: 227.501 Thread 0x0000021a1db36730 DEOPT PACKING pc=0x00000219c3b93fcc sp=0x000000409fcfe790
Event: 227.501 Thread 0x0000021a1db36730 DEOPT UNPACKING pc=0x00000219c9404242 sp=0x000000409fcfdd40 mode 0

Classes loaded (20 events):
Event: 35.016 Loading class sun/nio/ch/SocketOptionRegistry$LazyInitialization
Event: 35.016 Loading class sun/nio/ch/SocketOptionRegistry$LazyInitialization done
Event: 35.016 Loading class sun/nio/ch/OptionKey
Event: 35.016 Loading class sun/nio/ch/OptionKey done
Event: 35.021 Loading class java/nio/channels/UnresolvedAddressException
Event: 35.021 Loading class java/nio/channels/UnresolvedAddressException done
Event: 35.026 Loading class sun/misc/SharedSecrets
Event: 35.026 Loading class sun/misc/SharedSecrets done
Event: 192.036 Loading class java/util/stream/ReduceOps$5
Event: 192.036 Loading class java/util/stream/ReduceOps$5 done
Event: 192.036 Loading class java/util/stream/ReduceOps$CountingSink$OfRef
Event: 192.036 Loading class java/util/stream/ReduceOps$CountingSink
Event: 192.037 Loading class java/util/stream/ReduceOps$CountingSink done
Event: 192.037 Loading class java/util/stream/ReduceOps$CountingSink$OfRef done
Event: 192.331 Loading class java/util/stream/DistinctOps
Event: 192.331 Loading class java/util/stream/DistinctOps done
Event: 192.331 Loading class java/util/stream/DistinctOps$1
Event: 192.332 Loading class java/util/stream/DistinctOps$1 done
Event: 192.335 Loading class java/util/stream/DistinctOps$1$2
Event: 192.335 Loading class java/util/stream/DistinctOps$1$2 done

Classes unloaded (11 events):
Event: 2.689 Thread 0x00000219d5714110 Unloading class 0x00000219d71aec00 'java/lang/invoke/LambdaForm$MH+0x00000219d71aec00'
Event: 2.689 Thread 0x00000219d5714110 Unloading class 0x00000219d71ae800 'java/lang/invoke/LambdaForm$MH+0x00000219d71ae800'
Event: 2.689 Thread 0x00000219d5714110 Unloading class 0x00000219d71ae400 'java/lang/invoke/LambdaForm$MH+0x00000219d71ae400'
Event: 2.689 Thread 0x00000219d5714110 Unloading class 0x00000219d71ae000 'java/lang/invoke/LambdaForm$MH+0x00000219d71ae000'
Event: 2.689 Thread 0x00000219d5714110 Unloading class 0x00000219d71adc00 'java/lang/invoke/LambdaForm$BMH+0x00000219d71adc00'
Event: 2.689 Thread 0x00000219d5714110 Unloading class 0x00000219d71ad800 'java/lang/invoke/LambdaForm$DMH+0x00000219d71ad800'
Event: 2.689 Thread 0x00000219d5714110 Unloading class 0x00000219d71ac400 'java/lang/invoke/LambdaForm$DMH+0x00000219d71ac400'
Event: 8.722 Thread 0x00000219d5714110 Unloading class 0x00000219d76b5000 'java/lang/invoke/LambdaForm$DMH+0x00000219d76b5000'
Event: 8.722 Thread 0x00000219d5714110 Unloading class 0x00000219d76b4c00 'java/lang/invoke/LambdaForm$DMH+0x00000219d76b4c00'
Event: 8.722 Thread 0x00000219d5714110 Unloading class 0x00000219d76b4000 'java/lang/invoke/LambdaForm$DMH+0x00000219d76b4000'
Event: 8.722 Thread 0x00000219d5714110 Unloading class 0x00000219d76b4800 'java/lang/invoke/LambdaForm$DMH+0x00000219d76b4800'

Classes redefined (0 events):
No events

Internal exceptions (20 events):
Event: 35.026 Thread 0x0000021a20e04f90 Exception <a 'java/lang/ClassNotFoundException'{0x00000000d5618a78}: sun/misc/SharedSecrets> (0x00000000d5618a78) 
thrown [s\src\hotspot\share\classfile\systemDictionary.cpp, line 312]
Event: 187.790 Thread 0x0000021a20e05cb0 Exception <a 'java/lang/IncompatibleClassChangeError'{0x00000000d5837cc8}: Found class java.lang.Object, but interface was expected> (0x00000000d5837cc8) 
thrown [s\src\hotspot\share\interpreter\linkResolver.cpp, line 840]
Event: 187.799 Thread 0x0000021a22751900 Exception <a 'java/lang/NoSuchMethodError'{0x00000000d5863bc8}: 'java.lang.Object java.lang.invoke.DirectMethodHandle$Holder.invokeStatic(java.lang.Object, int, int, java.lang.Object)'> (0x00000000d5863bc8) 
thrown [s\src\hotspot\share\interpreter\linkResolver.cpp, line 773]
Event: 191.964 Thread 0x0000021a20e05cb0 Exception <a 'java/lang/IncompatibleClassChangeError'{0x00000000d594b450}: Found class java.lang.Object, but interface was expected> (0x00000000d594b450) 
thrown [s\src\hotspot\share\interpreter\linkResolver.cpp, line 840]
Event: 191.964 Thread 0x0000021a20e05cb0 Exception <a 'java/lang/IncompatibleClassChangeError'{0x00000000d594f590}: Found class java.lang.Object, but interface was expected> (0x00000000d594f590) 
thrown [s\src\hotspot\share\interpreter\linkResolver.cpp, line 840]
Event: 192.022 Thread 0x0000021a1db36730 Exception <a 'sun/nio/fs/WindowsException'{0x00000000d5806c48}> (0x00000000d5806c48) 
thrown [s\src\hotspot\share\prims\jni.cpp, line 520]
Event: 192.171 Thread 0x0000021a1db36730 Exception <a 'sun/nio/fs/WindowsException'{0x00000000d572fc20}> (0x00000000d572fc20) 
thrown [s\src\hotspot\share\prims\jni.cpp, line 520]
Event: 192.397 Thread 0x0000021a1db3a240 Exception <a 'java/lang/NoSuchMethodError'{0x00000000d55d2928}: 'int java.lang.invoke.DirectMethodHandle$Holder.invokeStatic(java.lang.Object, java.lang.Object, java.lang.Object, java.lang.Object, java.lang.Object, java.lang.Object)'> (0x00000000d55d2928) 
thrown [s\src\hotspot\share\interpreter\linkResolver.cpp, line 773]
Event: 199.402 Thread 0x0000021a22751900 Implicit null exception at 0x00000219ca2541b6 to 0x00000219ca2545f4
Event: 226.812 Thread 0x0000021a1db39520 Exception <a 'java/lang/ArrayIndexOutOfBoundsException'{0x00000000d565f1f0}: Index 9578 out of bounds for length 9578> (0x00000000d565f1f0) 
thrown [s\src\hotspot\share\interpreter\interpreterRuntime.cpp, line 439]
Event: 227.254 Thread 0x0000021a1db3a240 Exception <a 'java/lang/ArrayIndexOutOfBoundsException'{0x00000000d5596568}: Index 9578 out of bounds for length 9578> (0x00000000d5596568) 
thrown [s\src\hotspot\share\interpreter\interpreterRuntime.cpp, line 439]
Event: 227.295 Thread 0x0000021a1db3a240 Exception <a 'java/lang/ArrayIndexOutOfBoundsException'{0x00000000d5603f40}> (0x00000000d5603f40) 
thrown [s\src\hotspot\share\runtime\sharedRuntime.cpp, line 625]
Event: 227.325 Thread 0x0000021a1db36730 Implicit null exception at 0x00000219ca2aa600 to 0x00000219ca2addb4
Event: 227.370 Thread 0x0000021a1db3a240 Exception <a 'java/lang/ArrayIndexOutOfBoundsException'{0x00000000d560b410}> (0x00000000d560b410) 
thrown [s\src\hotspot\share\runtime\sharedRuntime.cpp, line 625]
Event: 227.372 Thread 0x0000021a20e05cb0 Exception <a 'java/lang/ArrayIndexOutOfBoundsException'{0x00000000d5610158}> (0x00000000d5610158) 
thrown [s\src\hotspot\share\runtime\sharedRuntime.cpp, line 625]
Event: 227.374 Thread 0x0000021a1db36730 Exception <a 'sun/nio/fs/WindowsException'{0x00000000d559e7a8}> (0x00000000d559e7a8) 
thrown [s\src\hotspot\share\prims\jni.cpp, line 520]
Event: 227.389 Thread 0x0000021a1db3a240 Exception <a 'java/lang/ArrayIndexOutOfBoundsException'{0x00000000d565ebe0}> (0x00000000d565ebe0) 
thrown [s\src\hotspot\share\runtime\sharedRuntime.cpp, line 625]
Event: 227.389 Thread 0x0000021a20e05cb0 Exception <a 'java/lang/ArrayIndexOutOfBoundsException'{0x00000000d5661ad0}> (0x00000000d5661ad0) 
thrown [s\src\hotspot\share\runtime\sharedRuntime.cpp, line 625]
Event: 227.414 Thread 0x0000021a20e08aa0 Exception <a 'java/lang/ArrayIndexOutOfBoundsException'{0x00000000d558cca0}> (0x00000000d558cca0) 
thrown [s\src\hotspot\share\runtime\sharedRuntime.cpp, line 625]
Event: 227.436 Thread 0x0000021a1db3a240 Exception <a 'java/lang/ArrayIndexOutOfBoundsException'{0x00000000d55bac08}> (0x00000000d55bac08) 
thrown [s\src\hotspot\share\runtime\sharedRuntime.cpp, line 625]

ZGC Phase Switch (0 events):
No events

VM Operations (20 events):
Event: 227.412 Executing VM operation: ParallelGCFailedAllocation (Allocation Failure)
Event: 227.414 Executing VM operation: ParallelGCFailedAllocation (Allocation Failure) done
Event: 227.419 Executing VM operation: ParallelGCFailedAllocation (Allocation Failure)
Event: 227.421 Executing VM operation: ParallelGCFailedAllocation (Allocation Failure) done
Event: 227.423 Executing VM operation: ParallelGCFailedAllocation (Allocation Failure)
Event: 227.425 Executing VM operation: ParallelGCFailedAllocation (Allocation Failure) done
Event: 227.430 Executing VM operation: ParallelGCFailedAllocation (Allocation Failure)
Event: 227.432 Executing VM operation: ParallelGCFailedAllocation (Allocation Failure) done
Event: 227.434 Executing VM operation: ParallelGCFailedAllocation (Allocation Failure)
Event: 227.435 Executing VM operation: ParallelGCFailedAllocation (Allocation Failure) done
Event: 227.441 Executing VM operation: ParallelGCFailedAllocation (Allocation Failure)
Event: 227.443 Executing VM operation: ParallelGCFailedAllocation (Allocation Failure) done
Event: 227.446 Executing VM operation: ParallelGCFailedAllocation (Allocation Failure)
Event: 227.448 Executing VM operation: ParallelGCFailedAllocation (Allocation Failure) done
Event: 227.456 Executing VM operation: ParallelGCFailedAllocation (Allocation Failure)
Event: 227.458 Executing VM operation: ParallelGCFailedAllocation (Allocation Failure) done
Event: 227.467 Executing VM operation: ParallelGCFailedAllocation (Allocation Failure)
Event: 227.469 Executing VM operation: ParallelGCFailedAllocation (Allocation Failure) done
Event: 227.497 Executing VM operation: ParallelGCFailedAllocation (Allocation Failure)
Event: 227.499 Executing VM operation: ParallelGCFailedAllocation (Allocation Failure) done

Memory protections (0 events):
No events

Nmethod flushes (20 events):
Event: 8.735 Thread 0x00000219d5714110 flushing  nmethod 0x00000219c2696310
Event: 8.736 Thread 0x00000219d5714110 flushing  nmethod 0x00000219c26a1190
Event: 8.736 Thread 0x00000219d5714110 flushing  nmethod 0x00000219c26b3710
Event: 8.736 Thread 0x00000219d5714110 flushing  nmethod 0x00000219c26b4090
Event: 8.736 Thread 0x00000219d5714110 flushing  nmethod 0x00000219c26b4a90
Event: 8.736 Thread 0x00000219d5714110 flushing  nmethod 0x00000219c26b6b10
Event: 8.736 Thread 0x00000219d5714110 flushing  nmethod 0x00000219c26b6e90
Event: 8.736 Thread 0x00000219d5714110 flushing  nmethod 0x00000219c26bc190
Event: 8.736 Thread 0x00000219d5714110 flushing  nmethod 0x00000219c26ce890
Event: 8.736 Thread 0x00000219d5714110 flushing  nmethod 0x00000219c26d0510
Event: 8.736 Thread 0x00000219d5714110 flushing  nmethod 0x00000219c26d0b10
Event: 8.736 Thread 0x00000219d5714110 flushing  nmethod 0x00000219c26d4890
Event: 8.736 Thread 0x00000219d5714110 flushing  nmethod 0x00000219c26d4c10
Event: 8.736 Thread 0x00000219d5714110 flushing  nmethod 0x00000219c26d7210
Event: 8.736 Thread 0x00000219d5714110 flushing  nmethod 0x00000219c26e2810
Event: 8.736 Thread 0x00000219d5714110 flushing  nmethod 0x00000219c26f9d10
Event: 8.736 Thread 0x00000219d5714110 flushing  nmethod 0x00000219c2703810
Event: 8.736 Thread 0x00000219d5714110 flushing  nmethod 0x00000219c274a110
Event: 8.736 Thread 0x00000219d5714110 flushing  nmethod 0x00000219c274e510
Event: 8.736 Thread 0x00000219d5714110 flushing  nmethod 0x00000219c2797f90

Events (20 events):
Event: 191.410 Thread 0x0000021a18678620 Thread added: 0x0000021a21d539a0
Event: 192.161 Thread 0x0000021a1db3a240 Thread added: 0x0000021a1f16db10
Event: 192.197 Thread 0x0000021a1db3a240 Thread added: 0x0000021a1f16c760
Event: 193.122 Thread 0x0000021a21d539a0 Thread exited: 0x0000021a21d539a0
Event: 193.122 Thread 0x0000021a21d55bb0 Thread exited: 0x0000021a21d55bb0
Event: 193.155 Thread 0x0000021a1db39520 Thread added: 0x0000021a1f16a690
Event: 193.501 Thread 0x0000021a18678620 Thread added: 0x0000021a21d539a0
Event: 194.791 Thread 0x0000021a21d539a0 Thread exited: 0x0000021a21d539a0
Event: 199.434 Thread 0x0000021a18678620 Thread added: 0x0000021a21d55bb0
Event: 199.787 Thread 0x0000021a21d55bb0 Thread exited: 0x0000021a21d55bb0
Event: 199.799 Thread 0x0000021a18678620 Thread added: 0x0000021a21d55bb0
Event: 199.824 Thread 0x0000021a18678620 Thread added: 0x0000021a21d539a0
Event: 199.987 Thread 0x0000021a21d539a0 Thread exited: 0x0000021a21d539a0
Event: 200.096 Thread 0x0000021a21d55bb0 Thread exited: 0x0000021a21d55bb0
Event: 205.212 Thread 0x0000021a18678620 Thread added: 0x0000021a21d55bb0
Event: 205.524 Thread 0x0000021a21d55bb0 Thread exited: 0x0000021a21d55bb0
Event: 206.087 Thread 0x0000021a18678620 Thread added: 0x0000021a21d539a0
Event: 206.378 Thread 0x0000021a21d539a0 Thread exited: 0x0000021a21d539a0
Event: 227.267 Thread 0x0000021a18678620 Thread added: 0x0000021a21d55bb0
Event: 227.382 Thread 0x0000021a18678620 Thread added: 0x0000021a18968e30


Dynamic libraries:
0x00007ff6df870000 - 0x00007ff6df87e000 	c:\Users\abhig\.vscode\extensions\redhat.java-1.47.0-win32-x64\jre\21.0.8-win32-x86_64\bin\java.exe
0x00007ffa72a70000 - 0x00007ffa72c88000 	C:\Windows\SYSTEM32\ntdll.dll
0x00007ffa71150000 - 0x00007ffa71214000 	C:\Windows\System32\KERNEL32.DLL
0x00007ffa6fcc0000 - 0x00007ffa70093000 	C:\Windows\System32\KERNELBASE.dll
0x00007ffa6fba0000 - 0x00007ffa6fcb1000 	C:\Windows\System32\ucrtbase.dll
0x00007ffa5dce0000 - 0x00007ffa5dcfe000 	c:\Users\abhig\.vscode\extensions\redhat.java-1.47.0-win32-x64\jre\21.0.8-win32-x86_64\bin\VCRUNTIME140.dll
0x00007ffa5de20000 - 0x00007ffa5de38000 	c:\Users\abhig\.vscode\extensions\redhat.java-1.47.0-win32-x64\jre\21.0.8-win32-x86_64\bin\jli.dll
0x00007ffa71380000 - 0x00007ffa71532000 	C:\Windows\System32\USER32.dll
0x00007ffa5e0f0000 - 0x00007ffa5e38c000 	C:\Windows\WinSxS\amd64_microsoft.windows.common-controls_6595b64144ccf1df_6.0.22621.6060_none_2712eda17382d24b\COMCTL32.dll
0x00007ffa70280000 - 0x00007ffa702a6000 	C:\Windows\System32\win32u.dll
0x00007ffa712d0000 - 0x00007ffa71377000 	C:\Windows\System32\msvcrt.dll
0x00007ffa71220000 - 0x00007ffa71249000 	C:\Windows\System32\GDI32.dll
0x00007ffa705e0000 - 0x00007ffa70703000 	C:\Windows\System32\gdi32full.dll
0x00007ffa700a0000 - 0x00007ffa7013a000 	C:\Windows\System32\msvcp_win.dll
0x00007ffa70ec0000 - 0x00007ffa70ef1000 	C:\Windows\System32\IMM32.DLL
0x00007ffa619b0000 - 0x00007ffa619bc000 	c:\Users\abhig\.vscode\extensions\redhat.java-1.47.0-win32-x64\jre\21.0.8-win32-x86_64\bin\vcruntime140_1.dll
0x00007ffa5c0c0000 - 0x00007ffa5c14d000 	c:\Users\abhig\.vscode\extensions\redhat.java-1.47.0-win32-x64\jre\21.0.8-win32-x86_64\bin\msvcp140.dll
0x00007ffa16f10000 - 0x00007ffa17ca7000 	c:\Users\abhig\.vscode\extensions\redhat.java-1.47.0-win32-x64\jre\21.0.8-win32-x86_64\bin\server\jvm.dll
0x00007ffa72450000 - 0x00007ffa72501000 	C:\Windows\System32\ADVAPI32.dll
0x00007ffa72380000 - 0x00007ffa72428000 	C:\Windows\System32\sechost.dll
0x00007ffa6fb70000 - 0x00007ffa6fb98000 	C:\Windows\System32\bcrypt.dll
0x00007ffa71de0000 - 0x00007ffa71ef8000 	C:\Windows\System32\RPCRT4.dll
0x00007ffa71250000 - 0x00007ffa712c1000 	C:\Windows\System32\WS2_32.dll
0x00007ffa6e960000 - 0x00007ffa6e9ad000 	C:\Windows\SYSTEM32\POWRPROF.dll
0x00007ffa699a0000 - 0x00007ffa699d4000 	C:\Windows\SYSTEM32\WINMM.dll
0x00007ffa64890000 - 0x00007ffa6489a000 	C:\Windows\SYSTEM32\VERSION.dll
0x00007ffa6e940000 - 0x00007ffa6e953000 	C:\Windows\SYSTEM32\UMPDC.dll
0x00007ffa6ebf0000 - 0x00007ffa6ec08000 	C:\Windows\SYSTEM32\kernel.appcore.dll
0x00007ffa61660000 - 0x00007ffa6166a000 	c:\Users\abhig\.vscode\extensions\redhat.java-1.47.0-win32-x64\jre\21.0.8-win32-x86_64\bin\jimage.dll
0x00007ffa6d150000 - 0x00007ffa6d383000 	C:\Windows\SYSTEM32\DBGHELP.DLL
0x00007ffa72620000 - 0x00007ffa729b2000 	C:\Windows\System32\combase.dll
0x00007ffa70b40000 - 0x00007ffa70c18000 	C:\Windows\System32\OLEAUT32.dll
0x00007ffa55140000 - 0x00007ffa55172000 	C:\Windows\SYSTEM32\dbgcore.DLL
0x00007ffa702b0000 - 0x00007ffa7032b000 	C:\Windows\System32\bcryptPrimitives.dll
0x00007ffa61630000 - 0x00007ffa6163f000 	c:\Users\abhig\.vscode\extensions\redhat.java-1.47.0-win32-x64\jre\21.0.8-win32-x86_64\bin\instrument.dll
0x00007ffa5d990000 - 0x00007ffa5d9af000 	c:\Users\abhig\.vscode\extensions\redhat.java-1.47.0-win32-x64\jre\21.0.8-win32-x86_64\bin\java.dll
0x00007ffa71540000 - 0x00007ffa71dde000 	C:\Windows\System32\SHELL32.dll
0x00007ffa70330000 - 0x00007ffa7046f000 	C:\Windows\System32\wintypes.dll
0x00007ffa6da10000 - 0x00007ffa6e328000 	C:\Windows\SYSTEM32\windows.storage.dll
0x00007ffa72510000 - 0x00007ffa72614000 	C:\Windows\System32\SHCORE.dll
0x00007ffa707a0000 - 0x00007ffa70809000 	C:\Windows\System32\shlwapi.dll
0x00007ffa6faa0000 - 0x00007ffa6fac5000 	C:\Windows\SYSTEM32\profapi.dll
0x00007ffa5ccf0000 - 0x00007ffa5cd08000 	c:\Users\abhig\.vscode\extensions\redhat.java-1.47.0-win32-x64\jre\21.0.8-win32-x86_64\bin\zip.dll
0x00007ffa5dee0000 - 0x00007ffa5def0000 	C:\Users\abhig\.vscode\extensions\redhat.java-1.47.0-win32-x64\jre\21.0.8-win32-x86_64\bin\net.dll
0x00007ffa6b340000 - 0x00007ffa6b46c000 	C:\Windows\SYSTEM32\WINHTTP.dll
0x00007ffa6f0c0000 - 0x00007ffa6f129000 	C:\Windows\system32\mswsock.dll
0x00007ffa5ccb0000 - 0x00007ffa5ccc6000 	C:\Users\abhig\.vscode\extensions\redhat.java-1.47.0-win32-x64\jre\21.0.8-win32-x86_64\bin\nio.dll
0x00007ffa5de60000 - 0x00007ffa5de70000 	c:\Users\abhig\.vscode\extensions\redhat.java-1.47.0-win32-x64\jre\21.0.8-win32-x86_64\bin\verify.dll
0x00007ffa578b0000 - 0x00007ffa578f4000 	C:\Users\abhig\AppData\Roaming\Code\User\globalStorage\redhat.java\1.47.0\config_win\org.eclipse.equinox.launcher\org.eclipse.equinox.launcher.win32.win32.x86_64_1.2.1400.v20250801-0854\eclipse_11916.dll
0x00007ffa70fb0000 - 0x00007ffa71150000 	C:\Windows\System32\ole32.dll
0x00007ffa6f2e0000 - 0x00007ffa6f2fb000 	C:\Windows\SYSTEM32\CRYPTSP.dll
0x00007ffa6eb50000 - 0x00007ffa6eb87000 	C:\Windows\system32\rsaenh.dll
0x00007ffa6f180000 - 0x00007ffa6f1a8000 	C:\Windows\SYSTEM32\USERENV.dll
0x00007ffa6f300000 - 0x00007ffa6f30c000 	C:\Windows\SYSTEM32\CRYPTBASE.dll
0x00007ffa6e600000 - 0x00007ffa6e62d000 	C:\Windows\SYSTEM32\IPHLPAPI.DLL
0x00007ffa70c20000 - 0x00007ffa70c29000 	C:\Windows\System32\NSI.dll
0x00007ffa49360000 - 0x00007ffa493a9000 	C:\Users\abhig\AppData\Local\Temp\jna-92604357\jna14098072662895920518.dll
0x00007ffa729c0000 - 0x00007ffa729c8000 	C:\Windows\System32\PSAPI.DLL
0x00007ffa6b050000 - 0x00007ffa6b069000 	C:\Windows\SYSTEM32\dhcpcsvc6.DLL
0x00007ffa6b030000 - 0x00007ffa6b04f000 	C:\Windows\SYSTEM32\dhcpcsvc.DLL
0x00007ffa6ed10000 - 0x00007ffa6ed44000 	C:\Windows\SYSTEM32\ntmarta.dll
0x00007ffa69b60000 - 0x00007ffa69b6e000 	C:\Users\abhig\.vscode\extensions\redhat.java-1.47.0-win32-x64\jre\21.0.8-win32-x86_64\bin\sunmscapi.dll
0x00007ffa70470000 - 0x00007ffa705d8000 	C:\Windows\System32\CRYPT32.dll
0x00007ffa6f500000 - 0x00007ffa6f52e000 	C:\Windows\SYSTEM32\ncrypt.dll
0x00007ffa6f4c0000 - 0x00007ffa6f4f7000 	C:\Windows\SYSTEM32\NTASN1.dll
0x00007ffa5cb50000 - 0x00007ffa5cb58000 	C:\Windows\system32\wshunix.dll
0x00007ffa5d980000 - 0x00007ffa5d989000 	C:\Users\abhig\.vscode\extensions\redhat.java-1.47.0-win32-x64\jre\21.0.8-win32-x86_64\bin\extnet.dll
0x00007ffa6e670000 - 0x00007ffa6e768000 	C:\Windows\SYSTEM32\DNSAPI.dll
0x00007ffa6a280000 - 0x00007ffa6a28a000 	C:\Windows\System32\rasadhlp.dll

JVMTI agents:
c:\Users\abhig\.vscode\extensions\redhat.java-1.47.0-win32-x64\lombok\lombok-1.18.39-4050.jar path:c:\Users\abhig\.vscode\extensions\redhat.java-1.47.0-win32-x64\jre\21.0.8-win32-x86_64\bin\instrument.dll, loaded, initialized, instrumentlib options:none

dbghelp: loaded successfully - version: 4.0.5 - missing functions: none
symbol engine: initialized successfully - sym options: 0x614 - pdb path: .;c:\Users\abhig\.vscode\extensions\redhat.java-1.47.0-win32-x64\jre\21.0.8-win32-x86_64\bin;C:\Windows\SYSTEM32;C:\Windows\WinSxS\amd64_microsoft.windows.common-controls_6595b64144ccf1df_6.0.22621.6060_none_2712eda17382d24b;c:\Users\abhig\.vscode\extensions\redhat.java-1.47.0-win32-x64\jre\21.0.8-win32-x86_64\bin\server;C:\Users\abhig\AppData\Roaming\Code\User\globalStorage\redhat.java\1.47.0\config_win\org.eclipse.equinox.launcher\org.eclipse.equinox.launcher.win32.win32.x86_64_1.2.1400.v20250801-0854;C:\Users\abhig\AppData\Local\Temp\jna-92604357

VM Arguments:
jvm_args: --add-modules=ALL-SYSTEM --add-opens=java.base/java.util=ALL-UNNAMED --add-opens=java.base/java.lang=ALL-UNNAMED --add-opens=java.base/sun.nio.fs=ALL-UNNAMED -Declipse.application=org.eclipse.jdt.ls.core.id1 -Dosgi.bundles.defaultStartLevel=4 -Declipse.product=org.eclipse.jdt.ls.core.product -Djava.import.generatesMetadataFilesAtProjectRoot=false -DDetectVMInstallationsJob.disabled=true -Dfile.encoding=utf8 -XX:+UseParallelGC -XX:GCTimeRatio=4 -XX:AdaptiveSizePolicyWeight=90 -Dsun.zip.disableMemoryMapping=true -Xmx2G -Xms100m -Xlog:disable -javaagent:c:\Users\abhig\.vscode\extensions\redhat.java-1.47.0-win32-x64\lombok\lombok-1.18.39-4050.jar -XX:+HeapDumpOnOutOfMemoryError -XX:HeapDumpPath=c:\Users\abhig\AppData\Roaming\Code\User\workspaceStorage\b9f696540275c9f5155aa9508eff1e3b\redhat.java -Daether.dependencyCollector.impl=bf 
java_command: c:\Users\abhig\.vscode\extensions\redhat.java-1.47.0-win32-x64\server\plugins\org.eclipse.equinox.launcher_1.7.100.v20251014-1222.jar -configuration c:\Users\abhig\AppData\Roaming\Code\User\globalStorage\redhat.java\1.47.0\config_win -data c:\Users\abhig\AppData\Roaming\Code\User\workspaceStorage\b9f696540275c9f5155aa9508eff1e3b\redhat.java\jdt_ws --pipe=\\.\pipe\lsp-cb1d41c99b22b13cb8b56f54812cd7dd-sock
java_class_path (initial): c:\Users\abhig\.vscode\extensions\redhat.java-1.47.0-win32-x64\server\plugins\org.eclipse.equinox.launcher_1.7.100.v20251014-1222.jar
Launcher Type: SUN_STANDARD

[Global flags]
    uintx AdaptiveSizePolicyWeight                 = 90                                        {product} {command line}
     intx CICompilerCount                          = 4                                         {product} {ergonomic}
    uintx GCTimeRatio                              = 4                                         {product} {command line}
     bool HeapDumpOnOutOfMemoryError               = true                                   {manageable} {command line}
    ccstr HeapDumpPath                             = c:\Users\abhig\AppData\Roaming\Code\User\workspaceStorage\b9f696540275c9f5155aa9508eff1e3b\redhat.java         {manageable} {command line}
   size_t InitialHeapSize                          = 104857600                                 {product} {command line}
   size_t MaxHeapSize                              = 2147483648                                {product} {command line}
   size_t MaxNewSize                               = 715653120                                 {product} {ergonomic}
   size_t MinHeapDeltaBytes                        = 524288                                    {product} {ergonomic}
   size_t MinHeapSize                              = 104857600                                 {product} {command line}
   size_t NewSize                                  = 34603008                                  {product} {ergonomic}
    uintx NonNMethodCodeHeapSize                   = 5839372                                {pd product} {ergonomic}
    uintx NonProfiledCodeHeapSize                  = 122909434                              {pd product} {ergonomic}
   size_t OldSize                                  = 70254592                                  {product} {ergonomic}
    uintx ProfiledCodeHeapSize                     = 122909434                              {pd product} {ergonomic}
    uintx ReservedCodeCacheSize                    = 251658240                              {pd product} {ergonomic}
     bool SegmentedCodeCache                       = true                                      {product} {ergonomic}
   size_t SoftMaxHeapSize                          = 2147483648                             {manageable} {ergonomic}
     bool UseCompressedOops                        = true                           {product lp64_product} {ergonomic}
     bool UseLargePagesIndividualAllocation        = false                                  {pd product} {ergonomic}
     bool UseParallelGC                            = true                                      {product} {command line}

Logging:
Log output configuration:
 #0: stdout all=off uptime,level,tags foldmultilines=false
 #1: stderr all=off uptime,level,tags foldmultilines=false

Environment Variables:
JAVA_HOME=C:\Program Files\Java\jdk-23
PATH=C:\Program Files\Python313\Scripts\;C:\Program Files\Python313\;C:\app\abhig\product\21c\dbhomeXE\bin;C:\Program Files\Common Files\Oracle\Java\javapath;C:\Windows\system32;C:\Windows;C:\Windows\System32\Wbem;C:\Windows\System32\WindowsPowerShell\v1.0\;C:\Windows\System32\OpenSSH\;C:\Program Files\dotnet\;C:\MinGW\bin;C:\Program Files\Git\cmd;C:\Program Files\Git\mingw64\bin;C:\Program Files\Git\usr\bin;C:\Program Files\Java\jdk-23\bin;C:\Program Files\Java\jdk-23\bin;C:\Program Files\nodejs\;C:\Program Files (x86)\Windows Kits\10\Windows Performance Toolkit\;C:\Program Files\MySQL\MySQL Shell 8.0\bin\;C:\Users\abhig\AppData\Local\Programs\Microsoft VS Code\bin;C:\Users\abhig\AppData\Local\Programs\cursor\resources\app\bin;C:\Users\abhig\AppData\Roaming\npm;C:\Users\abhig\AppData\Roaming\Python\Scripts;C:\Users\abhig\AppData\Local\Programs\apache-maven-3.9.11\bin;
USERNAME=abhig
OS=Windows_NT
PROCESSOR_IDENTIFIER=AMD64 Family 25 Model 80 Stepping 0, AuthenticAMD
TMP=C:\Users\abhig\AppData\Local\Temp
TEMP=C:\Users\abhig\AppData\Local\Temp




Periodic native trim disabled

---------------  S Y S T E M  ---------------

OS:
 Windows 11 , 64 bit Build 22621 (10.0.22621.5415)
OS uptime: 0 days 15:47 hours
Hyper-V role detected

CPU: total 12 (initial active 12) (12 cores per cpu, 2 threads per core) family 25 model 80 stepping 0 microcode 0x0, cx8, cmov, fxsr, ht, mmx, 3dnowpref, sse, sse2, sse3, ssse3, sse4a, sse4.1, sse4.2, popcnt, lzcnt, tsc, tscinvbit, avx, avx2, aes, erms, clmul, bmi1, bmi2, adx, sha, fma, vzeroupper, clflush, clflushopt, hv, rdtscp, rdpid, fsrm, f16c, cet_ss
Processor Information for processor 0
  Max Mhz: 3301, Current Mhz: 3301, Mhz Limit: 3301
Processor Information for processor 1
  Max Mhz: 3301, Current Mhz: 2011, Mhz Limit: 3301
Processor Information for processor 2
  Max Mhz: 3301, Current Mhz: 3301, Mhz Limit: 3301
Processor Information for processor 3
  Max Mhz: 3301, Current Mhz: 2011, Mhz Limit: 3301
Processor Information for processor 4
  Max Mhz: 3301, Current Mhz: 3301, Mhz Limit: 3301
Processor Information for processor 5
  Max Mhz: 3301, Current Mhz: 2011, Mhz Limit: 3301
Processor Information for processor 6
  Max Mhz: 3301, Current Mhz: 2011, Mhz Limit: 3301
Processor Information for processor 7
  Max Mhz: 3301, Current Mhz: 3301, Mhz Limit: 3301
Processor Information for processor 8
  Max Mhz: 3301, Current Mhz: 2011, Mhz Limit: 3301
Processor Information for processor 9
  Max Mhz: 3301, Current Mhz: 2011, Mhz Limit: 3301
Processor Information for processor 10
  Max Mhz: 3301, Current Mhz: 3301, Mhz Limit: 3301
Processor Information for processor 11
  Max Mhz: 3301, Current Mhz: 2011, Mhz Limit: 3301

Memory: 4k page, system-wide physical 15773M (4976M free)
TotalPageFile size 15773M (AvailPageFile size 4M)
current process WorkingSet (physical memory assigned to process): 529M, peak: 529M
current process commit charge ("private bytes"): 599M, peak: 1711M

vm_info: OpenJDK 64-Bit Server VM (21.0.8+9-LTS) for windows-amd64 JRE (21.0.8+9-LTS), built on 2025-07-15T00:00:00Z by "admin" with MS VC++ 17.7 (VS2022)

END.
