#
# There is insufficient memory for the Java Runtime Environment to continue.
# Native memory allocation (malloc) failed to allocate 2031056 bytes. Error detail: Chunk::new
# Possible reasons:
#   The system is out of physical RAM or swap space
#   This process is running with CompressedOops enabled, and the Java Heap may be blocking the growth of the native heap
# Possible solutions:
#   Reduce memory load on the system
#   Increase physical memory or swap space
#   Check if swap backing store is full
#   Decrease Java heap size (-Xmx/-Xms)
#   Decrease number of Java threads
#   Decrease Java thread stack sizes (-Xss)
#   Set larger code cache with -XX:ReservedCodeCacheSize=
#   JVM is running with Unscaled Compressed Oops mode in which the Java heap is
#     placed in the first 4GB address space. The Java Heap base address is the
#     maximum limit for the native heap growth. Please use -XX:HeapBaseMinAddress
#     to set the Java Heap base and to place the Java Heap above 4GB virtual address.
# This output file may be truncated or incomplete.
#
#  Out of Memory Error (arena.cpp:168), pid=16320, tid=14772
#
# JRE version: OpenJDK Runtime Environment Temurin-21.0.8+9 (21.0.8+9) (build 21.0.8+9-LTS)
# Java VM: OpenJDK 64-Bit Server VM Temurin-21.0.8+9 (21.0.8+9-LTS, mixed mode, sharing, tiered, compressed oops, compressed class ptrs, parallel gc, windows-amd64)
# No core dump will be written. Minidumps are not enabled by default on client versions of Windows
#

---------------  S U M M A R Y ------------

Command Line: --add-modules=ALL-SYSTEM --add-opens=java.base/java.util=ALL-UNNAMED --add-opens=java.base/java.lang=ALL-UNNAMED --add-opens=java.base/sun.nio.fs=ALL-UNNAMED -Declipse.application=org.eclipse.jdt.ls.core.id1 -Dosgi.bundles.defaultStartLevel=4 -Declipse.product=org.eclipse.jdt.ls.core.product -Djava.import.generatesMetadataFilesAtProjectRoot=false -DDetectVMInstallationsJob.disabled=true -Dfile.encoding=utf8 -XX:+UseParallelGC -XX:GCTimeRatio=4 -XX:AdaptiveSizePolicyWeight=90 -Dsun.zip.disableMemoryMapping=true -Xmx2G -Xms100m -Xlog:disable -javaagent:c:\Users\abhig\.vscode\extensions\redhat.java-1.47.0-win32-x64\lombok\lombok-1.18.39-4050.jar -XX:+HeapDumpOnOutOfMemoryError -XX:HeapDumpPath=c:\Users\abhig\AppData\Roaming\Code\User\workspaceStorage\b9f696540275c9f5155aa9508eff1e3b\redhat.java -Daether.dependencyCollector.impl=bf c:\Users\abhig\.vscode\extensions\redhat.java-1.47.0-win32-x64\server\plugins\org.eclipse.equinox.launcher_1.7.100.v20251014-1222.jar -configuration c:\Users\abhig\AppData\Roaming\Code\User\globalStorage\redhat.java\1.47.0\config_win -data c:\Users\abhig\AppData\Roaming\Code\User\workspaceStorage\b9f696540275c9f5155aa9508eff1e3b\redhat.java\jdt_ws --pipe=\\.\pipe\lsp-9106f3f2111e217803c919ab7c02b5be-sock

Host: AMD Ryzen 5 5600H with Radeon Graphics         , 12 cores, 15G,  Windows 11 , 64 bit Build 22621 (10.0.22621.5415)
Time: Sun Nov  2 13:26:43 2025 India Standard Time elapsed time: 846.203897 seconds (0d 0h 14m 6s)

---------------  T H R E A D  ---------------

Current thread (0x00000250d41ea350):  JavaThread "C2 CompilerThread1" daemon [_thread_in_native, id=14772, stack(0x000000d239800000,0x000000d239900000) (1024K)]


Current CompileTask:
C2:846203 14221       4       org.eclipse.jdt.internal.compiler.classfmt.ModuleInfo::readModuleAttribute (1166 bytes)

Stack: [0x000000d239800000,0x000000d239900000]
Native frames: (J=compiled Java code, j=interpreted, Vv=VM code, C=native code)
V  [jvm.dll+0x6d2449]
V  [jvm.dll+0x8ae341]
V  [jvm.dll+0x8b08be]
V  [jvm.dll+0x8b0fa3]
V  [jvm.dll+0x280c96]
V  [jvm.dll+0xc581d]
V  [jvm.dll+0xc5d53]
V  [jvm.dll+0x3b919c]
V  [jvm.dll+0x385315]
V  [jvm.dll+0x38477a]
V  [jvm.dll+0x248ed0]
V  [jvm.dll+0x2484af]
V  [jvm.dll+0x1c89ee]
V  [jvm.dll+0x257d4d]
V  [jvm.dll+0x2562ea]
V  [jvm.dll+0x3f2d16]
V  [jvm.dll+0x857e6b]
V  [jvm.dll+0x6d0b0d]
C  [ucrtbase.dll+0x29333]
C  [KERNEL32.DLL+0x1259d]
C  [ntdll.dll+0x5af78]


---------------  P R O C E S S  ---------------

Threads class SMR info:
_java_thread_list=0x00000250d1f7de60, length=54, elements={
0x00000250ef398400, 0x00000250ff0044b0, 0x00000250f909d250, 0x00000250ff00a530,
0x00000250ff00b440, 0x00000250ff00daf0, 0x00000250ff013900, 0x00000250ff0186c0,
0x00000250ff018f10, 0x00000250ff104910, 0x00000250ff102ed0, 0x00000250ff104fa0,
0x00000250ff103bf0, 0x00000250ff104280, 0x00000250ff103560, 0x00000250ff105630,
0x00000250ff105cc0, 0x00000250ff6dd640, 0x00000250ff6daee0, 0x00000250ff6db570,
0x00000250ff6e1150, 0x00000250ff6dcfb0, 0x00000250ff6ddcd0, 0x00000250ff6e1e70,
0x00000250ff6de360, 0x00000250ff6e17e0, 0x00000250ff6dfda0, 0x00000250ff6e2500,
0x00000250ff6de9f0, 0x00000250ff6e0430, 0x00000250ff6df080, 0x00000250d2de5f10,
0x00000250d2de16e0, 0x00000250d2de3e40, 0x00000250d2de65a0, 0x00000250d2de1d70,
0x00000250d2de3120, 0x00000250d2de6c30, 0x00000250d2de1050, 0x00000250d2de2400,
0x00000250d26fc1d0, 0x00000250d26fe930, 0x00000250d26f8d50, 0x00000250d26fa100,
0x00000250d0989f70, 0x00000250d0986af0, 0x00000250d0986460, 0x00000250d0988530,
0x00000250d0984390, 0x00000250d09898e0, 0x00000250d098a600, 0x00000250d0984a20,
0x00000250d41ea350, 0x00000250d41ecc30
}

Java Threads: ( => current thread )
  0x00000250ef398400 JavaThread "main"                              [_thread_blocked, id=10916, stack(0x000000d239900000,0x000000d239a00000) (1024K)]
  0x00000250ff0044b0 JavaThread "Reference Handler"          daemon [_thread_blocked, id=19832, stack(0x000000d239d00000,0x000000d239e00000) (1024K)]
  0x00000250f909d250 JavaThread "Finalizer"                  daemon [_thread_blocked, id=21776, stack(0x000000d239e00000,0x000000d239f00000) (1024K)]
  0x00000250ff00a530 JavaThread "Signal Dispatcher"          daemon [_thread_blocked, id=16308, stack(0x000000d239f00000,0x000000d23a000000) (1024K)]
  0x00000250ff00b440 JavaThread "Attach Listener"            daemon [_thread_blocked, id=6080, stack(0x000000d23a000000,0x000000d23a100000) (1024K)]
  0x00000250ff00daf0 JavaThread "Service Thread"             daemon [_thread_blocked, id=14824, stack(0x000000d23a100000,0x000000d23a200000) (1024K)]
  0x00000250ff013900 JavaThread "Monitor Deflation Thread"   daemon [_thread_blocked, id=21056, stack(0x000000d23a200000,0x000000d23a300000) (1024K)]
  0x00000250ff0186c0 JavaThread "C2 CompilerThread0"         daemon [_thread_in_native, id=7720, stack(0x000000d23a300000,0x000000d23a400000) (1024K)]
  0x00000250ff018f10 JavaThread "C1 CompilerThread0"         daemon [_thread_blocked, id=7004, stack(0x000000d23a400000,0x000000d23a500000) (1024K)]
  0x00000250ff104910 JavaThread "Common-Cleaner"             daemon [_thread_blocked, id=20764, stack(0x000000d23a500000,0x000000d23a600000) (1024K)]
  0x00000250ff102ed0 JavaThread "Notification Thread"        daemon [_thread_blocked, id=7808, stack(0x000000d23a700000,0x000000d23a800000) (1024K)]
  0x00000250ff104fa0 JavaThread "Active Thread: Equinox Container: bcf30af0-eede-4d62-a133-a8d5f448a7b5"        [_thread_blocked, id=3320, stack(0x000000d23af00000,0x000000d23b000000) (1024K)]
  0x00000250ff103bf0 JavaThread "Refresh Thread: Equinox Container: bcf30af0-eede-4d62-a133-a8d5f448a7b5" daemon [_thread_blocked, id=6768, stack(0x000000d23a600000,0x000000d23a700000) (1024K)]
  0x00000250ff104280 JavaThread "Framework Event Dispatcher: Equinox Container: bcf30af0-eede-4d62-a133-a8d5f448a7b5" daemon [_thread_blocked, id=12408, stack(0x000000d23b000000,0x000000d23b100000) (1024K)]
  0x00000250ff103560 JavaThread "Start Level: Equinox Container: bcf30af0-eede-4d62-a133-a8d5f448a7b5" daemon [_thread_blocked, id=2740, stack(0x000000d23b100000,0x000000d23b200000) (1024K)]
  0x00000250ff105630 JavaThread "Bundle File Closer"         daemon [_thread_blocked, id=17676, stack(0x000000d23b500000,0x000000d23b600000) (1024K)]
  0x00000250ff105cc0 JavaThread "SCR Component Actor"        daemon [_thread_blocked, id=21572, stack(0x000000d23b200000,0x000000d23b300000) (1024K)]
  0x00000250ff6dd640 JavaThread "Worker-JM"                         [_thread_blocked, id=17800, stack(0x000000d23b800000,0x000000d23b900000) (1024K)]
  0x00000250ff6daee0 JavaThread "JNA Cleaner"                daemon [_thread_blocked, id=12368, stack(0x000000d23b900000,0x000000d23ba00000) (1024K)]
  0x00000250ff6db570 JavaThread "Java indexing"              daemon [_thread_blocked, id=13708, stack(0x000000d23bc00000,0x000000d23bd00000) (1024K)]
  0x00000250ff6e1150 JavaThread "Thread-1"                   daemon [_thread_in_native, id=20884, stack(0x000000d23bf00000,0x000000d23c000000) (1024K)]
  0x00000250ff6dcfb0 JavaThread "Thread-2"                   daemon [_thread_in_native, id=12124, stack(0x000000d23c000000,0x000000d23c100000) (1024K)]
  0x00000250ff6ddcd0 JavaThread "Thread-3"                   daemon [_thread_in_native, id=22324, stack(0x000000d23c100000,0x000000d23c200000) (1024K)]
  0x00000250ff6e1e70 JavaThread "Thread-4"                   daemon [_thread_in_native, id=15464, stack(0x000000d23c200000,0x000000d23c300000) (1024K)]
  0x00000250ff6de360 JavaThread "Thread-5"                   daemon [_thread_in_native, id=20676, stack(0x000000d23c300000,0x000000d23c400000) (1024K)]
  0x00000250ff6e17e0 JavaThread "Thread-6"                   daemon [_thread_in_native, id=17356, stack(0x000000d23c400000,0x000000d23c500000) (1024K)]
  0x00000250ff6dfda0 JavaThread "Thread-7"                   daemon [_thread_in_native, id=9532, stack(0x000000d23c500000,0x000000d23c600000) (1024K)]
  0x00000250ff6e2500 JavaThread "Thread-8"                   daemon [_thread_in_native, id=2068, stack(0x000000d23c600000,0x000000d23c700000) (1024K)]
  0x00000250ff6de9f0 JavaThread "Thread-9"                   daemon [_thread_in_native, id=19996, stack(0x000000d23c700000,0x000000d23c800000) (1024K)]
  0x00000250ff6e0430 JavaThread "Thread-10"                  daemon [_thread_in_native, id=11928, stack(0x000000d23c800000,0x000000d23c900000) (1024K)]
  0x00000250ff6df080 JavaThread "Thread-11"                  daemon [_thread_in_native, id=19200, stack(0x000000d23c900000,0x000000d23ca00000) (1024K)]
  0x00000250d2de5f10 JavaThread "Thread-12"                  daemon [_thread_in_native, id=18404, stack(0x000000d23ca00000,0x000000d23cb00000) (1024K)]
  0x00000250d2de16e0 JavaThread "Thread-13"                  daemon [_thread_in_native, id=15536, stack(0x000000d23cb00000,0x000000d23cc00000) (1024K)]
  0x00000250d2de3e40 JavaThread "pool-2-thread-1"                   [_thread_blocked, id=4752, stack(0x000000d23cc00000,0x000000d23cd00000) (1024K)]
  0x00000250d2de65a0 JavaThread "WorkspaceEventsHandler"            [_thread_blocked, id=3760, stack(0x000000d23cd00000,0x000000d23ce00000) (1024K)]
  0x00000250d2de1d70 JavaThread "pool-1-thread-1"                   [_thread_blocked, id=20616, stack(0x000000d23ce00000,0x000000d23cf00000) (1024K)]
  0x00000250d2de3120 JavaThread "ForkJoinPool.commonPool-worker-1" daemon [_thread_blocked, id=11624, stack(0x000000d23cf00000,0x000000d23d000000) (1024K)]
  0x00000250d2de6c30 JavaThread "ForkJoinPool.commonPool-worker-3" daemon [_thread_blocked, id=23248, stack(0x000000d23d100000,0x000000d23d200000) (1024K)]
  0x00000250d2de1050 JavaThread "ForkJoinPool.commonPool-worker-8" daemon [_thread_blocked, id=13740, stack(0x000000d23d600000,0x000000d23d700000) (1024K)]
  0x00000250d2de2400 JavaThread "ForkJoinPool.commonPool-worker-10" daemon [_thread_blocked, id=8148, stack(0x000000d23d800000,0x000000d23d900000) (1024K)]
  0x00000250d26fc1d0 JavaThread "Worker-4"                          [_thread_blocked, id=10232, stack(0x000000d23e100000,0x000000d23e200000) (1024K)]
  0x00000250d26fe930 JavaThread "Worker-5"                          [_thread_blocked, id=18260, stack(0x000000d23b600000,0x000000d23b700000) (1024K)]
  0x00000250d26f8d50 JavaThread "LocalFile Deleter"          daemon [_thread_blocked, id=22992, stack(0x000000d23e000000,0x000000d23e100000) (1024K)]
  0x00000250d26fa100 JavaThread "LocalFile Deleter"          daemon [_thread_blocked, id=13628, stack(0x000000d23e500000,0x000000d23e600000) (1024K)]
  0x00000250d0989f70 JavaThread "Cleaner-0"                  daemon [_thread_blocked, id=14596, stack(0x000000d239600000,0x000000d239700000) (1024K)]
  0x00000250d0986af0 JavaThread "ForkJoinPool.commonPool-worker-12" daemon [_thread_blocked, id=17984, stack(0x000000d23b700000,0x000000d23b800000) (1024K)]
  0x00000250d0986460 JavaThread "ForkJoinPool.commonPool-worker-13" daemon [_thread_blocked, id=5860, stack(0x000000d23ba00000,0x000000d23bb00000) (1024K)]
  0x00000250d0988530 JavaThread "ForkJoinPool.commonPool-worker-14" daemon [_thread_blocked, id=18436, stack(0x000000d23bb00000,0x000000d23bc00000) (1024K)]
  0x00000250d0984390 JavaThread "ForkJoinPool.commonPool-worker-15" daemon [_thread_blocked, id=324, stack(0x000000d23bd00000,0x000000d23be00000) (1024K)]
  0x00000250d09898e0 JavaThread "ForkJoinPool.commonPool-worker-16" daemon [_thread_blocked, id=22688, stack(0x000000d23be00000,0x000000d23bf00000) (1024K)]
  0x00000250d098a600 JavaThread "ForkJoinPool.commonPool-worker-18" daemon [_thread_blocked, id=17036, stack(0x000000d23d000000,0x000000d23d100000) (1024K)]
  0x00000250d0984a20 JavaThread "HttpClient-1-SelectorManager" daemon [_thread_in_native, id=9784, stack(0x000000d23d500000,0x000000d23d600000) (1024K)]
=>0x00000250d41ea350 JavaThread "C2 CompilerThread1"         daemon [_thread_in_native, id=14772, stack(0x000000d239800000,0x000000d239900000) (1024K)]
  0x00000250d41ecc30 JavaThread "C2 CompilerThread2"         daemon [_thread_blocked, id=19652, stack(0x000000d23d200000,0x000000d23d300000) (1024K)]
Total: 54

Other Threads:
  0x00000250f90869d0 VMThread "VM Thread"                           [id=18180, stack(0x000000d239c00000,0x000000d239d00000) (1024K)]
  0x00000250f166b970 WatcherThread "VM Periodic Task Thread"        [id=14792, stack(0x000000d239b00000,0x000000d239c00000) (1024K)]
  0x00000250f161ddd0 WorkerThread "GC Thread#0"                     [id=11444, stack(0x000000d239a00000,0x000000d239b00000) (1024K)]
  0x00000250ff3dbe90 WorkerThread "GC Thread#1"                     [id=14812, stack(0x000000d23a900000,0x000000d23aa00000) (1024K)]
  0x00000250ff3dfeb0 WorkerThread "GC Thread#2"                     [id=9708, stack(0x000000d23aa00000,0x000000d23ab00000) (1024K)]
  0x00000250ff3e0250 WorkerThread "GC Thread#3"                     [id=23128, stack(0x000000d23ab00000,0x000000d23ac00000) (1024K)]
  0x00000250ff3e05f0 WorkerThread "GC Thread#4"                     [id=7704, stack(0x000000d23ac00000,0x000000d23ad00000) (1024K)]
  0x00000250ff3e0d90 WorkerThread "GC Thread#5"                     [id=16004, stack(0x000000d23ad00000,0x000000d23ae00000) (1024K)]
  0x00000250ff3e1130 WorkerThread "GC Thread#6"                     [id=14696, stack(0x000000d23ae00000,0x000000d23af00000) (1024K)]
  0x00000250d00963c0 WorkerThread "GC Thread#7"                     [id=18148, stack(0x000000d23a800000,0x000000d23a900000) (1024K)]
  0x00000250d01da060 WorkerThread "GC Thread#8"                     [id=2412, stack(0x000000d23b300000,0x000000d23b400000) (1024K)]
  0x00000250d01d9920 WorkerThread "GC Thread#9"                     [id=22164, stack(0x000000d23b400000,0x000000d23b500000) (1024K)]
Total: 12

Threads with active compile tasks:
C2 CompilerThread0  846228 14228       4       org.eclipse.jdt.internal.compiler.lookup.BinaryTypeBinding::createTypeVariables (359 bytes)
C2 CompilerThread1  846228 14221       4       org.eclipse.jdt.internal.compiler.classfmt.ModuleInfo::readModuleAttribute (1166 bytes)
Total: 2

VM state: not at safepoint (normal execution)

VM Mutex/Monitor currently owned by a thread: None

Heap address: 0x0000000080000000, size: 2048 MB, Compressed Oops mode: 32-bit

CDS archive(s) mapped at: [0x000002508f000000-0x000002508fba0000-0x000002508fba0000), size 12189696, SharedBaseAddress: 0x000002508f000000, ArchiveRelocationMode: 1.
Compressed class space mapped at: 0x0000025090000000-0x00000250d0000000, reserved size: 1073741824
Narrow klass base: 0x000002508f000000, Narrow klass shift: 0, Narrow klass range: 0x100000000

GC Precious Log:
 CardTable entry size: 512
 CPUs: 12 total, 12 available
 Memory: 15773M
 Large Page Support: Disabled
 NUMA Support: Disabled
 Compressed Oops: Enabled (32-bit)
 Alignments: Space 512K, Generation 512K, Heap 2M
 Heap Min Capacity: 100M
 Heap Initial Capacity: 100M
 Heap Max Capacity: 2G
 Pre-touch: Disabled
 Parallel Workers: 10

Heap:
 PSYoungGen      total 3584K, used 2036K [0x00000000d5580000, 0x00000000d5a80000, 0x0000000100000000)
  eden space 3072K, 50% used [0x00000000d5580000,0x00000000d5701208,0x00000000d5880000)
  from space 512K, 96% used [0x00000000d5900000,0x00000000d597c010,0x00000000d5980000)
  to   space 1024K, 0% used [0x00000000d5980000,0x00000000d5980000,0x00000000d5a80000)
 ParOldGen       total 202752K, used 202304K [0x0000000080000000, 0x000000008c600000, 0x00000000d5580000)
  object space 202752K, 99% used [0x0000000080000000,0x000000008c590300,0x000000008c600000)
 Metaspace       used 80539K, committed 82240K, reserved 1179648K
  class space    used 8559K, committed 9280K, reserved 1048576K

Card table byte_map: [0x00000250f0fd0000,0x00000250f13e0000] _byte_map_base: 0x00000250f0bd0000

Marking Bits: (ParMarkBitMap*) 0x00007ffa1b69a340
 Begin Bits: [0x00000250f4aa0000, 0x00000250f6aa0000)
 End Bits:   [0x00000250f6aa0000, 0x00000250f8aa0000)

Polling page: 0x00000250f0dc0000

Metaspace:

Usage:
  Non-class:     70.29 MB used.
      Class:      8.36 MB used.
       Both:     78.65 MB used.

Virtual space:
  Non-class space:      128.00 MB reserved,      71.25 MB ( 56%) committed,  2 nodes.
      Class space:        1.00 GB reserved,       9.06 MB ( <1%) committed,  1 nodes.
             Both:        1.12 GB reserved,      80.31 MB (  7%) committed. 

Chunk freelists:
   Non-Class:  8.35 MB
       Class:  6.82 MB
        Both:  15.17 MB

MaxMetaspaceSize: unlimited
CompressedClassSpaceSize: 1.00 GB
Initial GC threshold: 21.00 MB
Current GC threshold: 97.31 MB
CDS: on
 - commit_granule_bytes: 65536.
 - commit_granule_words: 8192.
 - virtual_space_node_default_size: 8388608.
 - enlarge_chunks_in_place: 1.
 - use_allocation_guard: 0.


Internal statistics:

num_allocs_failed_limit: 9.
num_arena_births: 1428.
num_arena_deaths: 14.
num_vsnodes_births: 3.
num_vsnodes_deaths: 0.
num_space_committed: 1285.
num_space_uncommitted: 0.
num_chunks_returned_to_freelist: 23.
num_chunks_taken_from_freelist: 5080.
num_chunk_merges: 11.
num_chunk_splits: 3149.
num_chunks_enlarged: 1811.
num_inconsistent_stats: 0.

CodeHeap 'non-profiled nmethods': size=120000Kb used=11188Kb max_used=11188Kb free=108811Kb
 bounds [0x0000025087ad0000, 0x00000250885c0000, 0x000002508f000000]
CodeHeap 'profiled nmethods': size=120000Kb used=31277Kb max_used=31277Kb free=88722Kb
 bounds [0x0000025080000000, 0x0000025081e90000, 0x0000025087530000]
CodeHeap 'non-nmethods': size=5760Kb used=1514Kb max_used=1598Kb free=4246Kb
 bounds [0x0000025087530000, 0x00000250877a0000, 0x0000025087ad0000]
CodeCache: size=245760Kb, used=43979Kb, max_used=44063Kb, free=201779Kb
 total_blobs=14308, nmethods=13477, adapters=733, full_count=0
Compilation: enabled, stopped_count=0, restarted_count=0

Compilation events (20 events):
Event: 846.069 Thread 0x00000250ff018f10 nmethod 14233 0x0000025081e88b90 code [0x0000025081e88d40, 0x0000025081e88eb0]
Event: 846.069 Thread 0x00000250ff018f10 14235       3       org.eclipse.jdt.internal.compiler.codegen.StackMapFrame::merge (65 bytes)
Event: 846.070 Thread 0x00000250ff018f10 nmethod 14235 0x0000025081e88f90 code [0x0000025081e89180, 0x0000025081e89608]
Event: 846.070 Thread 0x00000250ff018f10 14232       3       org.eclipse.jdt.internal.compiler.ast.AbstractMethodDeclaration::isStatic (29 bytes)
Event: 846.070 Thread 0x00000250ff018f10 nmethod 14232 0x0000025081e89810 code [0x0000025081e899c0, 0x0000025081e89c40]
Event: 846.070 Thread 0x00000250ff018f10 14234       3       org.eclipse.jdt.internal.compiler.ClassFile::addRealJumpTarget (21 bytes)
Event: 846.070 Thread 0x00000250ff018f10 nmethod 14234 0x0000025081e89d10 code [0x0000025081e89f00, 0x0000025081e8a3d8]
Event: 846.070 Thread 0x00000250ff018f10 14236   !   3       sun.util.locale.provider.JRELocaleProviderAdapter::getDateFormatSymbolsProvider (51 bytes)
Event: 846.071 Thread 0x00000250ff018f10 nmethod 14236 0x0000025081e8a610 code [0x0000025081e8a860, 0x0000025081e8b320]
Event: 846.082 Thread 0x00000250ff0186c0 nmethod 14206 0x00000250885a4190 code [0x00000250885a4480, 0x00000250885a5d20]
Event: 846.082 Thread 0x00000250ff0186c0 14228       4       org.eclipse.jdt.internal.compiler.lookup.BinaryTypeBinding::createTypeVariables (359 bytes)
Event: 846.138 Thread 0x00000250d41ecc30 nmethod 14226 0x00000250885a7810 code [0x00000250885ab1c0, 0x00000250885b0a40]
Event: 846.139 Thread 0x00000250d41ecc30 14230   !   4       org.eclipse.jdt.internal.compiler.lookup.Scope::getBinding (1524 bytes)
Event: 846.161 Thread 0x00000250d41ecc30 nmethod 14230 0x00000250885b7b10 code [0x00000250885b7e00, 0x00000250885b97d0]
Event: 846.161 Thread 0x00000250d41ecc30 14211       4       org.eclipse.jdt.internal.core.util.HashtableOfArrayToObject::getIndex (64 bytes)
Event: 846.167 Thread 0x00000250d41ecc30 nmethod 14211 0x00000250885bb290 code [0x00000250885bb4a0, 0x00000250885bbd50]
Event: 846.167 Thread 0x00000250d41ecc30 14212       4       org.eclipse.jdt.internal.compiler.lookup.FieldBinding::<init> (21 bytes)
Event: 846.167 Thread 0x00000250d41ecc30 nmethod 14212 0x00000250885bc210 code [0x00000250885bc3a0, 0x00000250885bc480]
Event: 846.167 Thread 0x00000250d41ecc30 14213       4       org.eclipse.jdt.internal.compiler.classfmt.FieldInfo::getName (49 bytes)
Event: 846.171 Thread 0x00000250d41ecc30 nmethod 14213 0x00000250885bc510 code [0x00000250885bc720, 0x00000250885bcb88]

GC Heap History (20 events):
Event: 813.173 GC heap before
{Heap before GC invocations=139 (full 3):
 PSYoungGen      total 4096K, used 3392K [0x00000000d5580000, 0x00000000d5a00000, 0x0000000100000000)
  eden space 3072K, 100% used [0x00000000d5580000,0x00000000d5880000,0x00000000d5880000)
  from space 1024K, 31% used [0x00000000d5880000,0x00000000d58d0000,0x00000000d5980000)
  to   space 512K, 0% used [0x00000000d5980000,0x00000000d5980000,0x00000000d5a00000)
 ParOldGen       total 201728K, used 201688K [0x0000000080000000, 0x000000008c500000, 0x00000000d5580000)
  object space 201728K, 99% used [0x0000000080000000,0x000000008c4f6300,0x000000008c500000)
 Metaspace       used 80388K, committed 82112K, reserved 1179648K
  class space    used 8558K, committed 9280K, reserved 1048576K
}
Event: 813.174 GC heap after
{Heap after GC invocations=139 (full 3):
 PSYoungGen      total 3584K, used 320K [0x00000000d5580000, 0x00000000d5a00000, 0x0000000100000000)
  eden space 3072K, 0% used [0x00000000d5580000,0x00000000d5580000,0x00000000d5880000)
  from space 512K, 62% used [0x00000000d5980000,0x00000000d59d0000,0x00000000d5a00000)
  to   space 512K, 0% used [0x00000000d5900000,0x00000000d5900000,0x00000000d5980000)
 ParOldGen       total 202240K, used 201760K [0x0000000080000000, 0x000000008c580000, 0x00000000d5580000)
  object space 202240K, 99% used [0x0000000080000000,0x000000008c508300,0x000000008c580000)
 Metaspace       used 80388K, committed 82112K, reserved 1179648K
  class space    used 8558K, committed 9280K, reserved 1048576K
}
Event: 813.183 GC heap before
{Heap before GC invocations=140 (full 3):
 PSYoungGen      total 3584K, used 3392K [0x00000000d5580000, 0x00000000d5a00000, 0x0000000100000000)
  eden space 3072K, 100% used [0x00000000d5580000,0x00000000d5880000,0x00000000d5880000)
  from space 512K, 62% used [0x00000000d5980000,0x00000000d59d0000,0x00000000d5a00000)
  to   space 512K, 0% used [0x00000000d5900000,0x00000000d5900000,0x00000000d5980000)
 ParOldGen       total 202240K, used 201760K [0x0000000080000000, 0x000000008c580000, 0x00000000d5580000)
  object space 202240K, 99% used [0x0000000080000000,0x000000008c508300,0x000000008c580000)
 Metaspace       used 80395K, committed 82112K, reserved 1179648K
  class space    used 8558K, committed 9280K, reserved 1048576K
}
Event: 813.184 GC heap after
{Heap after GC invocations=140 (full 3):
 PSYoungGen      total 3584K, used 512K [0x00000000d5580000, 0x00000000d5a80000, 0x0000000100000000)
  eden space 3072K, 0% used [0x00000000d5580000,0x00000000d5580000,0x00000000d5880000)
  from space 512K, 100% used [0x00000000d5900000,0x00000000d5980000,0x00000000d5980000)
  to   space 1024K, 0% used [0x00000000d5980000,0x00000000d5980000,0x00000000d5a80000)
 ParOldGen       total 202240K, used 201840K [0x0000000080000000, 0x000000008c580000, 0x00000000d5580000)
  object space 202240K, 99% used [0x0000000080000000,0x000000008c51c300,0x000000008c580000)
 Metaspace       used 80395K, committed 82112K, reserved 1179648K
  class space    used 8558K, committed 9280K, reserved 1048576K
}
Event: 824.560 GC heap before
{Heap before GC invocations=141 (full 3):
 PSYoungGen      total 3584K, used 3584K [0x00000000d5580000, 0x00000000d5a80000, 0x0000000100000000)
  eden space 3072K, 100% used [0x00000000d5580000,0x00000000d5880000,0x00000000d5880000)
  from space 512K, 100% used [0x00000000d5900000,0x00000000d5980000,0x00000000d5980000)
  to   space 1024K, 0% used [0x00000000d5980000,0x00000000d5980000,0x00000000d5a80000)
 ParOldGen       total 202240K, used 201840K [0x0000000080000000, 0x000000008c580000, 0x00000000d5580000)
  object space 202240K, 99% used [0x0000000080000000,0x000000008c51c300,0x000000008c580000)
 Metaspace       used 80409K, committed 82112K, reserved 1179648K
  class space    used 8558K, committed 9280K, reserved 1048576K
}
Event: 824.560 GC heap after
{Heap after GC invocations=141 (full 3):
 PSYoungGen      total 3584K, used 464K [0x00000000d5580000, 0x00000000d5a00000, 0x0000000100000000)
  eden space 3072K, 0% used [0x00000000d5580000,0x00000000d5580000,0x00000000d5880000)
  from space 512K, 90% used [0x00000000d5980000,0x00000000d59f4010,0x00000000d5a00000)
  to   space 512K, 0% used [0x00000000d5900000,0x00000000d5900000,0x00000000d5980000)
 ParOldGen       total 202240K, used 201928K [0x0000000080000000, 0x000000008c580000, 0x00000000d5580000)
  object space 202240K, 99% used [0x0000000080000000,0x000000008c532300,0x000000008c580000)
 Metaspace       used 80409K, committed 82112K, reserved 1179648K
  class space    used 8558K, committed 9280K, reserved 1048576K
}
Event: 824.569 GC heap before
{Heap before GC invocations=142 (full 3):
 PSYoungGen      total 3584K, used 3536K [0x00000000d5580000, 0x00000000d5a00000, 0x0000000100000000)
  eden space 3072K, 100% used [0x00000000d5580000,0x00000000d5880000,0x00000000d5880000)
  from space 512K, 90% used [0x00000000d5980000,0x00000000d59f4010,0x00000000d5a00000)
  to   space 512K, 0% used [0x00000000d5900000,0x00000000d5900000,0x00000000d5980000)
 ParOldGen       total 202240K, used 201928K [0x0000000080000000, 0x000000008c580000, 0x00000000d5580000)
  object space 202240K, 99% used [0x0000000080000000,0x000000008c532300,0x000000008c580000)
 Metaspace       used 80432K, committed 82112K, reserved 1179648K
  class space    used 8559K, committed 9280K, reserved 1048576K
}
Event: 824.570 GC heap after
{Heap after GC invocations=142 (full 3):
 PSYoungGen      total 3584K, used 320K [0x00000000d5580000, 0x00000000d5a00000, 0x0000000100000000)
  eden space 3072K, 0% used [0x00000000d5580000,0x00000000d5580000,0x00000000d5880000)
  from space 512K, 62% used [0x00000000d5900000,0x00000000d5950000,0x00000000d5980000)
  to   space 512K, 0% used [0x00000000d5980000,0x00000000d5980000,0x00000000d5a00000)
 ParOldGen       total 202240K, used 202000K [0x0000000080000000, 0x000000008c580000, 0x00000000d5580000)
  object space 202240K, 99% used [0x0000000080000000,0x000000008c544300,0x000000008c580000)
 Metaspace       used 80432K, committed 82112K, reserved 1179648K
  class space    used 8559K, committed 9280K, reserved 1048576K
}
Event: 824.578 GC heap before
{Heap before GC invocations=143 (full 3):
 PSYoungGen      total 3584K, used 3379K [0x00000000d5580000, 0x00000000d5a00000, 0x0000000100000000)
  eden space 3072K, 99% used [0x00000000d5580000,0x00000000d587cc18,0x00000000d5880000)
  from space 512K, 62% used [0x00000000d5900000,0x00000000d5950000,0x00000000d5980000)
  to   space 512K, 0% used [0x00000000d5980000,0x00000000d5980000,0x00000000d5a00000)
 ParOldGen       total 202240K, used 202000K [0x0000000080000000, 0x000000008c580000, 0x00000000d5580000)
  object space 202240K, 99% used [0x0000000080000000,0x000000008c544300,0x000000008c580000)
 Metaspace       used 80460K, committed 82176K, reserved 1179648K
  class space    used 8559K, committed 9280K, reserved 1048576K
}
Event: 824.579 GC heap after
{Heap after GC invocations=143 (full 3):
 PSYoungGen      total 3584K, used 128K [0x00000000d5580000, 0x00000000d5a00000, 0x0000000100000000)
  eden space 3072K, 0% used [0x00000000d5580000,0x00000000d5580000,0x00000000d5880000)
  from space 512K, 25% used [0x00000000d5980000,0x00000000d59a0000,0x00000000d5a00000)
  to   space 512K, 0% used [0x00000000d5900000,0x00000000d5900000,0x00000000d5980000)
 ParOldGen       total 202240K, used 202040K [0x0000000080000000, 0x000000008c580000, 0x00000000d5580000)
  object space 202240K, 99% used [0x0000000080000000,0x000000008c54e300,0x000000008c580000)
 Metaspace       used 80460K, committed 82176K, reserved 1179648K
  class space    used 8559K, committed 9280K, reserved 1048576K
}
Event: 830.670 GC heap before
{Heap before GC invocations=144 (full 3):
 PSYoungGen      total 3584K, used 3200K [0x00000000d5580000, 0x00000000d5a00000, 0x0000000100000000)
  eden space 3072K, 100% used [0x00000000d5580000,0x00000000d5880000,0x00000000d5880000)
  from space 512K, 25% used [0x00000000d5980000,0x00000000d59a0000,0x00000000d5a00000)
  to   space 512K, 0% used [0x00000000d5900000,0x00000000d5900000,0x00000000d5980000)
 ParOldGen       total 202240K, used 202040K [0x0000000080000000, 0x000000008c580000, 0x00000000d5580000)
  object space 202240K, 99% used [0x0000000080000000,0x000000008c54e300,0x000000008c580000)
 Metaspace       used 80469K, committed 82176K, reserved 1179648K
  class space    used 8559K, committed 9280K, reserved 1048576K
}
Event: 830.671 GC heap after
{Heap after GC invocations=144 (full 3):
 PSYoungGen      total 3584K, used 320K [0x00000000d5580000, 0x00000000d5a00000, 0x0000000100000000)
  eden space 3072K, 0% used [0x00000000d5580000,0x00000000d5580000,0x00000000d5880000)
  from space 512K, 62% used [0x00000000d5900000,0x00000000d5950000,0x00000000d5980000)
  to   space 512K, 0% used [0x00000000d5980000,0x00000000d5980000,0x00000000d5a00000)
 ParOldGen       total 202240K, used 202056K [0x0000000080000000, 0x000000008c580000, 0x00000000d5580000)
  object space 202240K, 99% used [0x0000000080000000,0x000000008c552300,0x000000008c580000)
 Metaspace       used 80469K, committed 82176K, reserved 1179648K
  class space    used 8559K, committed 9280K, reserved 1048576K
}
Event: 838.070 GC heap before
{Heap before GC invocations=145 (full 3):
 PSYoungGen      total 3584K, used 3392K [0x00000000d5580000, 0x00000000d5a00000, 0x0000000100000000)
  eden space 3072K, 100% used [0x00000000d5580000,0x00000000d5880000,0x00000000d5880000)
  from space 512K, 62% used [0x00000000d5900000,0x00000000d5950000,0x00000000d5980000)
  to   space 512K, 0% used [0x00000000d5980000,0x00000000d5980000,0x00000000d5a00000)
 ParOldGen       total 202240K, used 202056K [0x0000000080000000, 0x000000008c580000, 0x00000000d5580000)
  object space 202240K, 99% used [0x0000000080000000,0x000000008c552300,0x000000008c580000)
 Metaspace       used 80496K, committed 82176K, reserved 1179648K
  class space    used 8559K, committed 9280K, reserved 1048576K
}
Event: 838.071 GC heap after
{Heap after GC invocations=145 (full 3):
 PSYoungGen      total 3584K, used 320K [0x00000000d5580000, 0x00000000d5a00000, 0x0000000100000000)
  eden space 3072K, 0% used [0x00000000d5580000,0x00000000d5580000,0x00000000d5880000)
  from space 512K, 62% used [0x00000000d5980000,0x00000000d59d0000,0x00000000d5a00000)
  to   space 512K, 0% used [0x00000000d5900000,0x00000000d5900000,0x00000000d5980000)
 ParOldGen       total 202240K, used 202128K [0x0000000080000000, 0x000000008c580000, 0x00000000d5580000)
  object space 202240K, 99% used [0x0000000080000000,0x000000008c564300,0x000000008c580000)
 Metaspace       used 80496K, committed 82176K, reserved 1179648K
  class space    used 8559K, committed 9280K, reserved 1048576K
}
Event: 838.081 GC heap before
{Heap before GC invocations=146 (full 3):
 PSYoungGen      total 3584K, used 3392K [0x00000000d5580000, 0x00000000d5a00000, 0x0000000100000000)
  eden space 3072K, 100% used [0x00000000d5580000,0x00000000d5880000,0x00000000d5880000)
  from space 512K, 62% used [0x00000000d5980000,0x00000000d59d0000,0x00000000d5a00000)
  to   space 512K, 0% used [0x00000000d5900000,0x00000000d5900000,0x00000000d5980000)
 ParOldGen       total 202240K, used 202128K [0x0000000080000000, 0x000000008c580000, 0x00000000d5580000)
  object space 202240K, 99% used [0x0000000080000000,0x000000008c564300,0x000000008c580000)
 Metaspace       used 80502K, committed 82176K, reserved 1179648K
  class space    used 8559K, committed 9280K, reserved 1048576K
}
Event: 838.081 GC heap after
{Heap after GC invocations=146 (full 3):
 PSYoungGen      total 3584K, used 320K [0x00000000d5580000, 0x00000000d5a00000, 0x0000000100000000)
  eden space 3072K, 0% used [0x00000000d5580000,0x00000000d5580000,0x00000000d5880000)
  from space 512K, 62% used [0x00000000d5900000,0x00000000d5950000,0x00000000d5980000)
  to   space 512K, 0% used [0x00000000d5980000,0x00000000d5980000,0x00000000d5a00000)
 ParOldGen       total 202240K, used 202208K [0x0000000080000000, 0x000000008c580000, 0x00000000d5580000)
  object space 202240K, 99% used [0x0000000080000000,0x000000008c578300,0x000000008c580000)
 Metaspace       used 80502K, committed 82176K, reserved 1179648K
  class space    used 8559K, committed 9280K, reserved 1048576K
}
Event: 846.049 GC heap before
{Heap before GC invocations=147 (full 3):
 PSYoungGen      total 3584K, used 3392K [0x00000000d5580000, 0x00000000d5a00000, 0x0000000100000000)
  eden space 3072K, 100% used [0x00000000d5580000,0x00000000d5880000,0x00000000d5880000)
  from space 512K, 62% used [0x00000000d5900000,0x00000000d5950000,0x00000000d5980000)
  to   space 512K, 0% used [0x00000000d5980000,0x00000000d5980000,0x00000000d5a00000)
 ParOldGen       total 202240K, used 202208K [0x0000000080000000, 0x000000008c580000, 0x00000000d5580000)
  object space 202240K, 99% used [0x0000000080000000,0x000000008c578300,0x000000008c580000)
 Metaspace       used 80517K, committed 82240K, reserved 1179648K
  class space    used 8559K, committed 9280K, reserved 1048576K
}
Event: 846.050 GC heap after
{Heap after GC invocations=147 (full 3):
 PSYoungGen      total 3584K, used 320K [0x00000000d5580000, 0x00000000d5a00000, 0x0000000100000000)
  eden space 3072K, 0% used [0x00000000d5580000,0x00000000d5580000,0x00000000d5880000)
  from space 512K, 62% used [0x00000000d5980000,0x00000000d59d0000,0x00000000d5a00000)
  to   space 512K, 0% used [0x00000000d5900000,0x00000000d5900000,0x00000000d5980000)
 ParOldGen       total 202240K, used 202232K [0x0000000080000000, 0x000000008c580000, 0x00000000d5580000)
  object space 202240K, 99% used [0x0000000080000000,0x000000008c57e300,0x000000008c580000)
 Metaspace       used 80517K, committed 82240K, reserved 1179648K
  class space    used 8559K, committed 9280K, reserved 1048576K
}
Event: 846.062 GC heap before
{Heap before GC invocations=148 (full 3):
 PSYoungGen      total 3584K, used 3392K [0x00000000d5580000, 0x00000000d5a00000, 0x0000000100000000)
  eden space 3072K, 100% used [0x00000000d5580000,0x00000000d5880000,0x00000000d5880000)
  from space 512K, 62% used [0x00000000d5980000,0x00000000d59d0000,0x00000000d5a00000)
  to   space 512K, 0% used [0x00000000d5900000,0x00000000d5900000,0x00000000d5980000)
 ParOldGen       total 202240K, used 202232K [0x0000000080000000, 0x000000008c580000, 0x00000000d5580000)
  object space 202240K, 99% used [0x0000000080000000,0x000000008c57e300,0x000000008c580000)
 Metaspace       used 80526K, committed 82240K, reserved 1179648K
  class space    used 8559K, committed 9280K, reserved 1048576K
}
Event: 846.063 GC heap after
{Heap after GC invocations=148 (full 3):
 PSYoungGen      total 3584K, used 496K [0x00000000d5580000, 0x00000000d5a80000, 0x0000000100000000)
  eden space 3072K, 0% used [0x00000000d5580000,0x00000000d5580000,0x00000000d5880000)
  from space 512K, 96% used [0x00000000d5900000,0x00000000d597c010,0x00000000d5980000)
  to   space 1024K, 0% used [0x00000000d5980000,0x00000000d5980000,0x00000000d5a80000)
 ParOldGen       total 202752K, used 202304K [0x0000000080000000, 0x000000008c600000, 0x00000000d5580000)
  object space 202752K, 99% used [0x0000000080000000,0x000000008c590300,0x000000008c600000)
 Metaspace       used 80526K, committed 82240K, reserved 1179648K
  class space    used 8559K, committed 9280K, reserved 1048576K
}

Dll operation events (12 events):
Event: 0.031 Loaded shared library c:\Users\abhig\.vscode\extensions\redhat.java-1.47.0-win32-x64\jre\21.0.8-win32-x86_64\bin\java.dll
Event: 0.134 Loaded shared library c:\Users\abhig\.vscode\extensions\redhat.java-1.47.0-win32-x64\jre\21.0.8-win32-x86_64\bin\zip.dll
Event: 0.153 Loaded shared library C:\Users\abhig\.vscode\extensions\redhat.java-1.47.0-win32-x64\jre\21.0.8-win32-x86_64\bin\instrument.dll
Event: 0.157 Loaded shared library C:\Users\abhig\.vscode\extensions\redhat.java-1.47.0-win32-x64\jre\21.0.8-win32-x86_64\bin\net.dll
Event: 0.159 Loaded shared library C:\Users\abhig\.vscode\extensions\redhat.java-1.47.0-win32-x64\jre\21.0.8-win32-x86_64\bin\nio.dll
Event: 0.162 Loaded shared library C:\Users\abhig\.vscode\extensions\redhat.java-1.47.0-win32-x64\jre\21.0.8-win32-x86_64\bin\zip.dll
Event: 0.179 Loaded shared library C:\Users\abhig\.vscode\extensions\redhat.java-1.47.0-win32-x64\jre\21.0.8-win32-x86_64\bin\jimage.dll
Event: 0.236 Loaded shared library c:\Users\abhig\.vscode\extensions\redhat.java-1.47.0-win32-x64\jre\21.0.8-win32-x86_64\bin\verify.dll
Event: 4.851 Loaded shared library C:\Users\abhig\AppData\Roaming\Code\User\globalStorage\redhat.java\1.47.0\config_win\org.eclipse.equinox.launcher\org.eclipse.equinox.launcher.win32.win32.x86_64_1.2.1400.v20250801-0854\eclipse_11916.dll
Event: 12.984 Loaded shared library C:\Users\abhig\AppData\Local\Temp\jna-92604357\jna8862238698406729605.dll
Event: 14.203 Loaded shared library C:\Users\abhig\.vscode\extensions\redhat.java-1.47.0-win32-x64\jre\21.0.8-win32-x86_64\bin\sunmscapi.dll
Event: 14.267 Loaded shared library C:\Users\abhig\.vscode\extensions\redhat.java-1.47.0-win32-x64\jre\21.0.8-win32-x86_64\bin\extnet.dll

Deoptimization events (20 events):
Event: 824.084 Thread 0x00000250d2de1d70 Uncommon trap: trap_request=0xffffffbe fr.pc=0x000002508856f548 relative=0x00000000000001c8
Event: 824.084 Thread 0x00000250d2de1d70 Uncommon trap: reason=profile_predicate action=maybe_recompile pc=0x000002508856f548 method=org.eclipse.jdt.internal.compiler.parser.Scanner.jumpOverMethodBody()V @ 12 c2
Event: 824.084 Thread 0x00000250d2de1d70 DEOPT PACKING pc=0x000002508856f548 sp=0x000000d23cefde20
Event: 824.084 Thread 0x00000250d2de1d70 DEOPT UNPACKING pc=0x0000025087583aa2 sp=0x000000d23cefdd90 mode 2
Event: 824.084 Thread 0x00000250d2de1d70 Uncommon trap: trap_request=0xffffffbe fr.pc=0x000002508856f548 relative=0x00000000000001c8
Event: 824.084 Thread 0x00000250d2de1d70 Uncommon trap: reason=profile_predicate action=maybe_recompile pc=0x000002508856f548 method=org.eclipse.jdt.internal.compiler.parser.Scanner.jumpOverMethodBody()V @ 12 c2
Event: 824.084 Thread 0x00000250d2de1d70 DEOPT PACKING pc=0x000002508856f548 sp=0x000000d23cefde20
Event: 824.084 Thread 0x00000250d2de1d70 DEOPT UNPACKING pc=0x0000025087583aa2 sp=0x000000d23cefdd90 mode 2
Event: 838.077 Thread 0x00000250d26fc1d0 Uncommon trap: trap_request=0xffffff6e fr.pc=0x0000025088586128 relative=0x0000000000000208
Event: 838.077 Thread 0x00000250d26fc1d0 Uncommon trap: reason=loop_limit_check action=maybe_recompile pc=0x0000025088586128 method=org.eclipse.jdt.internal.compiler.lookup.BlockScope.findVariable([C)Lorg/eclipse/jdt/internal/compiler/lookup/LocalVariableBinding; @ 65 c2
Event: 838.077 Thread 0x00000250d26fc1d0 DEOPT PACKING pc=0x0000025088586128 sp=0x000000d23e1fe280
Event: 838.077 Thread 0x00000250d26fc1d0 DEOPT UNPACKING pc=0x0000025087583aa2 sp=0x000000d23e1fe200 mode 2
Event: 846.053 Thread 0x00000250d26fc1d0 Uncommon trap: trap_request=0xffffffc6 fr.pc=0x0000025088481f88 relative=0x0000000000000ca8
Event: 846.053 Thread 0x00000250d26fc1d0 Uncommon trap: reason=bimorphic_or_optimized_type_check action=maybe_recompile pc=0x0000025088481f88 method=org.eclipse.jdt.internal.compiler.parser.Parser.consumeRule(I)V @ 6257 c2
Event: 846.053 Thread 0x00000250d26fc1d0 DEOPT PACKING pc=0x0000025088481f88 sp=0x000000d23e1fe7d0
Event: 846.053 Thread 0x00000250d26fc1d0 DEOPT UNPACKING pc=0x0000025087583aa2 sp=0x000000d23e1fe748 mode 2
Event: 846.064 Thread 0x00000250d26fc1d0 Uncommon trap: trap_request=0xffffffc6 fr.pc=0x0000025088481f88 relative=0x0000000000000ca8
Event: 846.064 Thread 0x00000250d26fc1d0 Uncommon trap: reason=bimorphic_or_optimized_type_check action=maybe_recompile pc=0x0000025088481f88 method=org.eclipse.jdt.internal.compiler.parser.Parser.consumeRule(I)V @ 6257 c2
Event: 846.064 Thread 0x00000250d26fc1d0 DEOPT PACKING pc=0x0000025088481f88 sp=0x000000d23e1fe7d0
Event: 846.064 Thread 0x00000250d26fc1d0 DEOPT UNPACKING pc=0x0000025087583aa2 sp=0x000000d23e1fe748 mode 2

Classes loaded (20 events):
Event: 740.561 Loading class sun/security/ssl/SSLEngineImpl
Event: 740.562 Loading class sun/security/ssl/SSLEngineImpl done
Event: 740.562 Loading class sun/security/ssl/SSLEngineInputRecord
Event: 740.562 Loading class sun/security/ssl/SSLEngineInputRecord done
Event: 740.562 Loading class sun/security/ssl/SSLConfiguration$CustomizedServerSignatureSchemes
Event: 740.563 Loading class sun/security/ssl/SSLConfiguration$CustomizedServerSignatureSchemes done
Event: 740.564 Loading class java/util/concurrent/ConcurrentLinkedDeque
Event: 740.565 Loading class java/util/concurrent/ConcurrentLinkedDeque done
Event: 740.565 Loading class java/util/concurrent/ConcurrentLinkedDeque$Node
Event: 740.565 Loading class java/util/concurrent/ConcurrentLinkedDeque$Node done
Event: 740.567 Loading class sun/nio/ch/SocketChannelImpl$DefaultOptionsHolder
Event: 740.567 Loading class sun/nio/ch/SocketChannelImpl$DefaultOptionsHolder done
Event: 740.574 Loading class java/nio/channels/UnresolvedAddressException
Event: 740.574 Loading class java/nio/channels/UnresolvedAddressException done
Event: 740.579 Loading class sun/misc/SharedSecrets
Event: 740.579 Loading class sun/misc/SharedSecrets done
Event: 741.997 Loading class java/io/CharArrayReader
Event: 741.997 Loading class java/io/CharArrayReader done
Event: 741.997 Loading class java/util/regex/Pattern$Bound
Event: 741.997 Loading class java/util/regex/Pattern$Bound done

Classes unloaded (7 events):
Event: 13.322 Thread 0x00000250f90869d0 Unloading class 0x00000250901ac800 'java/lang/invoke/LambdaForm$MH+0x00000250901ac800'
Event: 13.322 Thread 0x00000250f90869d0 Unloading class 0x00000250901ac400 'java/lang/invoke/LambdaForm$MH+0x00000250901ac400'
Event: 13.322 Thread 0x00000250f90869d0 Unloading class 0x00000250901ac000 'java/lang/invoke/LambdaForm$MH+0x00000250901ac000'
Event: 13.322 Thread 0x00000250f90869d0 Unloading class 0x00000250901abc00 'java/lang/invoke/LambdaForm$MH+0x00000250901abc00'
Event: 13.322 Thread 0x00000250f90869d0 Unloading class 0x00000250901ab800 'java/lang/invoke/LambdaForm$BMH+0x00000250901ab800'
Event: 13.322 Thread 0x00000250f90869d0 Unloading class 0x00000250901ab400 'java/lang/invoke/LambdaForm$DMH+0x00000250901ab400'
Event: 13.322 Thread 0x00000250f90869d0 Unloading class 0x00000250901aa000 'java/lang/invoke/LambdaForm$DMH+0x00000250901aa000'

Classes redefined (0 events):
No events

Internal exceptions (20 events):
Event: 484.162 Thread 0x00000250d2de1050 Exception <a 'sun/nio/fs/WindowsException'{0x00000000d5b27ac8}> (0x00000000d5b27ac8) 
thrown [s\src\hotspot\share\prims\jni.cpp, line 520]
Event: 484.204 Thread 0x00000250d2de1d70 Exception <a 'java/lang/IncompatibleClassChangeError'{0x00000000d5c79540}: Found class java.lang.Object, but interface was expected> (0x00000000d5c79540) 
thrown [s\src\hotspot\share\interpreter\linkResolver.cpp, line 840]
Event: 484.212 Thread 0x00000250d2de3120 Exception <a 'java/lang/NoSuchMethodError'{0x00000000d5d105b8}: 'java.lang.Object java.lang.invoke.DirectMethodHandle$Holder.invokeSpecial(java.lang.Object, java.lang.Object, java.lang.Object, java.lang.Object, int, java.lang.Object, java.lang.Object)'> (0x00000000d5d105b8) 
thrown [s\src\hotspot\share\interpreter\linkResolver.cpp, line 773]
Event: 484.226 Thread 0x00000250d2de1d70 Exception <a 'java/lang/IncompatibleClassChangeError'{0x00000000d5eff0b0}: Found class java.lang.Object, but interface was expected> (0x00000000d5eff0b0) 
thrown [s\src\hotspot\share\interpreter\linkResolver.cpp, line 840]
Event: 484.232 Thread 0x00000250d2de1d70 Exception <a 'java/lang/IncompatibleClassChangeError'{0x00000000d5faff38}: Found class java.lang.Object, but interface was expected> (0x00000000d5faff38) 
thrown [s\src\hotspot\share\interpreter\linkResolver.cpp, line 840]
Event: 484.252 Thread 0x00000250d2de1050 Exception <a 'java/lang/NoSuchMethodError'{0x00000000d60bf758}: 'int java.lang.invoke.Invokers$Holder.invokeExact_MT(java.lang.Object, java.lang.Object)'> (0x00000000d60bf758) 
thrown [s\src\hotspot\share\interpreter\linkResolver.cpp, line 773]
Event: 484.291 Thread 0x00000250d2de1050 Exception <a 'java/lang/IncompatibleClassChangeError'{0x00000000d609f560}: Found class java.lang.Object, but interface was expected> (0x00000000d609f560) 
thrown [s\src\hotspot\share\interpreter\linkResolver.cpp, line 840]
Event: 484.724 Thread 0x00000250d2de1050 Exception <a 'java/lang/NoSuchMethodError'{0x00000000d5778530}: 'java.lang.Object java.lang.invoke.DirectMethodHandle$Holder.newInvokeSpecial(java.lang.Object, java.lang.Object, int, java.lang.Object, java.lang.Object, java.lang.Object, java.lang.Object)'> (0x00000000d5778530) 
thrown [s\src\hotspot\share\interpreter\linkResolver.cpp, line 773]
Event: 484.991 Thread 0x00000250d2de1d70 Exception <a 'java/lang/IncompatibleClassChangeError'{0x00000000d56e6100}: Found class java.lang.Object, but interface was expected> (0x00000000d56e6100) 
thrown [s\src\hotspot\share\interpreter\linkResolver.cpp, line 840]
Event: 485.217 Thread 0x00000250d2de2400 Exception <a 'java/lang/NoSuchMethodError'{0x00000000d569ef00}: 'int java.lang.invoke.DirectMethodHandle$Holder.invokeVirtual(java.lang.Object, java.lang.Object, java.lang.Object, int)'> (0x00000000d569ef00) 
thrown [s\src\hotspot\share\interpreter\linkResolver.cpp, line 773]
Event: 485.788 Thread 0x00000250d2de1d70 Exception <a 'java/lang/IncompatibleClassChangeError'{0x00000000d56b92d0}: Found class java.lang.Object, but interface was expected> (0x00000000d56b92d0) 
thrown [s\src\hotspot\share\interpreter\linkResolver.cpp, line 840]
Event: 492.452 Thread 0x00000250d0987ea0 Exception <a 'sun/net/ConnectionResetException'{0x00000000d57b4108}: Connection reset> (0x00000000d57b4108) 
thrown [s\src\hotspot\share\prims\jni.cpp, line 539]
Event: 735.793 Thread 0x00000250d0987180 Exception <a 'java/lang/NoSuchMethodError'{0x00000000d5583240}: 'java.lang.Object java.lang.invoke.DirectMethodHandle$Holder.invokeStatic(java.lang.Object, int, java.lang.Object, java.lang.Object, java.lang.Object, java.lang.Object)'> (0x00000000d5583240) 
thrown [s\src\hotspot\share\interpreter\linkResolver.cpp, line 773]
Event: 735.889 Thread 0x00000250d2de2400 Implicit null exception at 0x00000250882174db to 0x0000025088219834
Event: 735.889 Thread 0x00000250d2de2400 Implicit null exception at 0x000002508821dcd3 to 0x000002508821eec0
Event: 740.377 Thread 0x00000250d2de2400 Implicit null exception at 0x000002508801754e to 0x0000025088017be8
Event: 740.450 Thread 0x00000250d2de2400 Exception <a 'java/lang/NoSuchMethodError'{0x00000000d5668f48}: 'java.lang.Object java.lang.invoke.DirectMethodHandle$Holder.invokeStaticInit(java.lang.Object, java.lang.Object, int)'> (0x00000000d5668f48) 
thrown [s\src\hotspot\share\interpreter\linkResolver.cpp, line 773]
Event: 740.495 Thread 0x00000250d2de2400 Exception <a 'java/lang/NoSuchMethodError'{0x00000000d558a1b0}: 'void java.lang.invoke.DirectMethodHandle$Holder.invokeStatic(java.lang.Object, java.lang.Object, java.lang.Object, java.lang.Object, java.lang.Object, java.lang.Object, java.lang.Object)'> (0x00000000d558a1b0) 
thrown [s\src\hotspot\share\interpreter\linkResolver.cpp, line 773]
Event: 740.558 Thread 0x00000250d2de2400 Exception <a 'java/net/UnknownHostException'{0x00000000d57798a8}> (0x00000000d57798a8) 
thrown [s\src\hotspot\share\prims\jni.cpp, line 520]
Event: 740.579 Thread 0x00000250d2de2400 Exception <a 'java/lang/ClassNotFoundException'{0x00000000d5623640}: sun/misc/SharedSecrets> (0x00000000d5623640) 
thrown [s\src\hotspot\share\classfile\systemDictionary.cpp, line 312]

ZGC Phase Switch (0 events):
No events

VM Operations (20 events):
Event: 830.670 Executing VM operation: ParallelGCFailedAllocation (Allocation Failure)
Event: 830.671 Executing VM operation: ParallelGCFailedAllocation (Allocation Failure) done
Event: 831.685 Executing VM operation: Cleanup
Event: 831.685 Executing VM operation: Cleanup done
Event: 837.744 Executing VM operation: Cleanup
Event: 837.744 Executing VM operation: Cleanup done
Event: 838.070 Executing VM operation: ParallelGCFailedAllocation (Allocation Failure)
Event: 838.071 Executing VM operation: ParallelGCFailedAllocation (Allocation Failure) done
Event: 838.081 Executing VM operation: ParallelGCFailedAllocation (Allocation Failure)
Event: 838.081 Executing VM operation: ParallelGCFailedAllocation (Allocation Failure) done
Event: 839.093 Executing VM operation: Cleanup
Event: 839.093 Executing VM operation: Cleanup done
Event: 841.461 Executing VM operation: HandshakeAllThreads (HandshakeForDeflation)
Event: 841.461 Executing VM operation: HandshakeAllThreads (HandshakeForDeflation) done
Event: 841.461 Executing VM operation: RendezvousGCThreads
Event: 841.461 Executing VM operation: RendezvousGCThreads done
Event: 846.049 Executing VM operation: ParallelGCFailedAllocation (Allocation Failure)
Event: 846.050 Executing VM operation: ParallelGCFailedAllocation (Allocation Failure) done
Event: 846.062 Executing VM operation: ParallelGCFailedAllocation (Allocation Failure)
Event: 846.063 Executing VM operation: ParallelGCFailedAllocation (Allocation Failure) done

Memory protections (0 events):
No events

Nmethod flushes (20 events):
Event: 16.342 Thread 0x00000250f90869d0 flushing  nmethod 0x000002508075a910
Event: 16.342 Thread 0x00000250f90869d0 flushing  nmethod 0x0000025080760210
Event: 16.342 Thread 0x00000250f90869d0 flushing  nmethod 0x000002508077c790
Event: 16.342 Thread 0x00000250f90869d0 flushing osr nmethod 0x0000025080789790
Event: 16.342 Thread 0x00000250f90869d0 flushing osr nmethod 0x00000250807c0b10
Event: 16.342 Thread 0x00000250f90869d0 flushing osr nmethod 0x00000250807d2990
Event: 16.342 Thread 0x00000250f90869d0 flushing  nmethod 0x00000250807e7490
Event: 16.342 Thread 0x00000250f90869d0 flushing  nmethod 0x00000250807f7510
Event: 16.342 Thread 0x00000250f90869d0 flushing  nmethod 0x00000250807f7a90
Event: 16.342 Thread 0x00000250f90869d0 flushing  nmethod 0x00000250807f9890
Event: 16.342 Thread 0x00000250f90869d0 flushing  nmethod 0x0000025080814210
Event: 16.342 Thread 0x00000250f90869d0 flushing  nmethod 0x0000025080815a90
Event: 16.342 Thread 0x00000250f90869d0 flushing  nmethod 0x0000025080816090
Event: 16.342 Thread 0x00000250f90869d0 flushing  nmethod 0x000002508081a190
Event: 16.342 Thread 0x00000250f90869d0 flushing  nmethod 0x000002508081a890
Event: 16.342 Thread 0x00000250f90869d0 flushing  nmethod 0x000002508081b010
Event: 16.342 Thread 0x00000250f90869d0 flushing  nmethod 0x000002508081c790
Event: 16.342 Thread 0x00000250f90869d0 flushing  nmethod 0x0000025080841a10
Event: 16.342 Thread 0x00000250f90869d0 flushing  nmethod 0x000002508091e210
Event: 16.342 Thread 0x00000250f90869d0 flushing  nmethod 0x0000025080926010

Events (20 events):
Event: 805.467 Thread 0x00000250ff0186c0 Thread added: 0x00000250d41ea350
Event: 805.491 Thread 0x00000250ff018f10 Thread added: 0x00000250d41eb0f0
Event: 806.610 Thread 0x00000250d41eb0f0 Thread exited: 0x00000250d41eb0f0
Event: 806.611 Thread 0x00000250d41ea350 Thread exited: 0x00000250d41ea350
Event: 809.801 Thread 0x00000250ff018f10 Thread added: 0x00000250d41ebe90
Event: 810.099 Thread 0x00000250d0987180 Thread exited: 0x00000250d0987180
Event: 812.642 Thread 0x00000250d41ebe90 Thread exited: 0x00000250d41ebe90
Event: 813.192 Thread 0x00000250ff018f10 Thread added: 0x00000250d41ed9d0
Event: 813.192 Thread 0x00000250ff018f10 Thread added: 0x00000250d41ee770
Event: 818.241 Thread 0x00000250d41ee770 Thread exited: 0x00000250d41ee770
Event: 823.219 Thread 0x00000250d41ed9d0 Thread exited: 0x00000250d41ed9d0
Event: 824.573 Thread 0x00000250ff018f10 Thread added: 0x00000250d41ee770
Event: 824.578 Thread 0x00000250ff018f10 Thread added: 0x00000250d41ecc30
Event: 827.843 Thread 0x00000250d41ecc30 Thread exited: 0x00000250d41ecc30
Event: 830.185 Thread 0x00000250d41ee770 Thread exited: 0x00000250d41ee770
Event: 830.676 Thread 0x00000250ff018f10 Thread added: 0x00000250d41ea350
Event: 835.711 Thread 0x00000250d41ea350 Thread exited: 0x00000250d41ea350
Event: 845.565 Thread 0x00000250d26fdc10 Thread exited: 0x00000250d26fdc10
Event: 846.061 Thread 0x00000250ff018f10 Thread added: 0x00000250d41ea350
Event: 846.068 Thread 0x00000250ff018f10 Thread added: 0x00000250d41ecc30


Dynamic libraries:
0x00007ff6df870000 - 0x00007ff6df87e000 	c:\Users\abhig\.vscode\extensions\redhat.java-1.47.0-win32-x64\jre\21.0.8-win32-x86_64\bin\java.exe
0x00007ffa72a70000 - 0x00007ffa72c88000 	C:\Windows\SYSTEM32\ntdll.dll
0x00007ffa71150000 - 0x00007ffa71214000 	C:\Windows\System32\KERNEL32.DLL
0x00007ffa6fcc0000 - 0x00007ffa70093000 	C:\Windows\System32\KERNELBASE.dll
0x00007ffa6fba0000 - 0x00007ffa6fcb1000 	C:\Windows\System32\ucrtbase.dll
0x00007ffa5d990000 - 0x00007ffa5d9a8000 	c:\Users\abhig\.vscode\extensions\redhat.java-1.47.0-win32-x64\jre\21.0.8-win32-x86_64\bin\jli.dll
0x00007ffa5ccf0000 - 0x00007ffa5cd0e000 	c:\Users\abhig\.vscode\extensions\redhat.java-1.47.0-win32-x64\jre\21.0.8-win32-x86_64\bin\VCRUNTIME140.dll
0x00007ffa71380000 - 0x00007ffa71532000 	C:\Windows\System32\USER32.dll
0x00007ffa70280000 - 0x00007ffa702a6000 	C:\Windows\System32\win32u.dll
0x00007ffa5e0f0000 - 0x00007ffa5e38c000 	C:\Windows\WinSxS\amd64_microsoft.windows.common-controls_6595b64144ccf1df_6.0.22621.6060_none_2712eda17382d24b\COMCTL32.dll
0x00007ffa71220000 - 0x00007ffa71249000 	C:\Windows\System32\GDI32.dll
0x00007ffa705e0000 - 0x00007ffa70703000 	C:\Windows\System32\gdi32full.dll
0x00007ffa712d0000 - 0x00007ffa71377000 	C:\Windows\System32\msvcrt.dll
0x00007ffa700a0000 - 0x00007ffa7013a000 	C:\Windows\System32\msvcp_win.dll
0x00007ffa70ec0000 - 0x00007ffa70ef1000 	C:\Windows\System32\IMM32.DLL
0x00007ffa5e3b0000 - 0x00007ffa5e3bc000 	c:\Users\abhig\.vscode\extensions\redhat.java-1.47.0-win32-x64\jre\21.0.8-win32-x86_64\bin\vcruntime140_1.dll
0x00007ffa49370000 - 0x00007ffa493fd000 	c:\Users\abhig\.vscode\extensions\redhat.java-1.47.0-win32-x64\jre\21.0.8-win32-x86_64\bin\msvcp140.dll
0x00007ffa1a9e0000 - 0x00007ffa1b777000 	c:\Users\abhig\.vscode\extensions\redhat.java-1.47.0-win32-x64\jre\21.0.8-win32-x86_64\bin\server\jvm.dll
0x00007ffa72450000 - 0x00007ffa72501000 	C:\Windows\System32\ADVAPI32.dll
0x00007ffa72380000 - 0x00007ffa72428000 	C:\Windows\System32\sechost.dll
0x00007ffa6fb70000 - 0x00007ffa6fb98000 	C:\Windows\System32\bcrypt.dll
0x00007ffa71de0000 - 0x00007ffa71ef8000 	C:\Windows\System32\RPCRT4.dll
0x00007ffa71250000 - 0x00007ffa712c1000 	C:\Windows\System32\WS2_32.dll
0x00007ffa6e960000 - 0x00007ffa6e9ad000 	C:\Windows\SYSTEM32\POWRPROF.dll
0x00007ffa64890000 - 0x00007ffa6489a000 	C:\Windows\SYSTEM32\VERSION.dll
0x00007ffa699a0000 - 0x00007ffa699d4000 	C:\Windows\SYSTEM32\WINMM.dll
0x00007ffa6e940000 - 0x00007ffa6e953000 	C:\Windows\SYSTEM32\UMPDC.dll
0x00007ffa6ebf0000 - 0x00007ffa6ec08000 	C:\Windows\SYSTEM32\kernel.appcore.dll
0x00007ffa5dee0000 - 0x00007ffa5deea000 	c:\Users\abhig\.vscode\extensions\redhat.java-1.47.0-win32-x64\jre\21.0.8-win32-x86_64\bin\jimage.dll
0x00007ffa6d150000 - 0x00007ffa6d383000 	C:\Windows\SYSTEM32\DBGHELP.DLL
0x00007ffa72620000 - 0x00007ffa729b2000 	C:\Windows\System32\combase.dll
0x00007ffa70b40000 - 0x00007ffa70c18000 	C:\Windows\System32\OLEAUT32.dll
0x00007ffa55140000 - 0x00007ffa55172000 	C:\Windows\SYSTEM32\dbgcore.DLL
0x00007ffa702b0000 - 0x00007ffa7032b000 	C:\Windows\System32\bcryptPrimitives.dll
0x00007ffa5de60000 - 0x00007ffa5de6f000 	c:\Users\abhig\.vscode\extensions\redhat.java-1.47.0-win32-x64\jre\21.0.8-win32-x86_64\bin\instrument.dll
0x00007ffa5ccb0000 - 0x00007ffa5cccf000 	c:\Users\abhig\.vscode\extensions\redhat.java-1.47.0-win32-x64\jre\21.0.8-win32-x86_64\bin\java.dll
0x00007ffa71540000 - 0x00007ffa71dde000 	C:\Windows\System32\SHELL32.dll
0x00007ffa70330000 - 0x00007ffa7046f000 	C:\Windows\System32\wintypes.dll
0x00007ffa6da10000 - 0x00007ffa6e328000 	C:\Windows\SYSTEM32\windows.storage.dll
0x00007ffa72510000 - 0x00007ffa72614000 	C:\Windows\System32\SHCORE.dll
0x00007ffa707a0000 - 0x00007ffa70809000 	C:\Windows\System32\shlwapi.dll
0x00007ffa6faa0000 - 0x00007ffa6fac5000 	C:\Windows\SYSTEM32\profapi.dll
0x00007ffa5cab0000 - 0x00007ffa5cac8000 	c:\Users\abhig\.vscode\extensions\redhat.java-1.47.0-win32-x64\jre\21.0.8-win32-x86_64\bin\zip.dll
0x00007ffa5d980000 - 0x00007ffa5d990000 	C:\Users\abhig\.vscode\extensions\redhat.java-1.47.0-win32-x64\jre\21.0.8-win32-x86_64\bin\net.dll
0x00007ffa6b340000 - 0x00007ffa6b46c000 	C:\Windows\SYSTEM32\WINHTTP.dll
0x00007ffa6f0c0000 - 0x00007ffa6f129000 	C:\Windows\system32\mswsock.dll
0x00007ffa5c510000 - 0x00007ffa5c526000 	C:\Users\abhig\.vscode\extensions\redhat.java-1.47.0-win32-x64\jre\21.0.8-win32-x86_64\bin\nio.dll
0x00007ffa5d0a0000 - 0x00007ffa5d0b0000 	c:\Users\abhig\.vscode\extensions\redhat.java-1.47.0-win32-x64\jre\21.0.8-win32-x86_64\bin\verify.dll
0x00007ffa47f30000 - 0x00007ffa47f74000 	C:\Users\abhig\AppData\Roaming\Code\User\globalStorage\redhat.java\1.47.0\config_win\org.eclipse.equinox.launcher\org.eclipse.equinox.launcher.win32.win32.x86_64_1.2.1400.v20250801-0854\eclipse_11916.dll
0x00007ffa70fb0000 - 0x00007ffa71150000 	C:\Windows\System32\ole32.dll
0x00007ffa6f2e0000 - 0x00007ffa6f2fb000 	C:\Windows\SYSTEM32\CRYPTSP.dll
0x00007ffa6eb50000 - 0x00007ffa6eb87000 	C:\Windows\system32\rsaenh.dll
0x00007ffa6f180000 - 0x00007ffa6f1a8000 	C:\Windows\SYSTEM32\USERENV.dll
0x00007ffa6f300000 - 0x00007ffa6f30c000 	C:\Windows\SYSTEM32\CRYPTBASE.dll
0x00007ffa6e600000 - 0x00007ffa6e62d000 	C:\Windows\SYSTEM32\IPHLPAPI.DLL
0x00007ffa70c20000 - 0x00007ffa70c29000 	C:\Windows\System32\NSI.dll
0x00007ffa47b40000 - 0x00007ffa47b89000 	C:\Users\abhig\AppData\Local\Temp\jna-92604357\jna8862238698406729605.dll
0x00007ffa729c0000 - 0x00007ffa729c8000 	C:\Windows\System32\PSAPI.DLL
0x00007ffa6b050000 - 0x00007ffa6b069000 	C:\Windows\SYSTEM32\dhcpcsvc6.DLL
0x00007ffa6b030000 - 0x00007ffa6b04f000 	C:\Windows\SYSTEM32\dhcpcsvc.DLL
0x00007ffa5cd60000 - 0x00007ffa5cd6e000 	C:\Users\abhig\.vscode\extensions\redhat.java-1.47.0-win32-x64\jre\21.0.8-win32-x86_64\bin\sunmscapi.dll
0x00007ffa70470000 - 0x00007ffa705d8000 	C:\Windows\System32\CRYPT32.dll
0x00007ffa6f500000 - 0x00007ffa6f52e000 	C:\Windows\SYSTEM32\ncrypt.dll
0x00007ffa6f4c0000 - 0x00007ffa6f4f7000 	C:\Windows\SYSTEM32\NTASN1.dll
0x00007ffa6e670000 - 0x00007ffa6e768000 	C:\Windows\SYSTEM32\DNSAPI.dll
0x00007ffa6a280000 - 0x00007ffa6a28a000 	C:\Windows\System32\rasadhlp.dll
0x00007ffa69f90000 - 0x00007ffa6a014000 	C:\Windows\System32\fwpuclnt.dll
0x00007ffa5cbc0000 - 0x00007ffa5cbc9000 	C:\Users\abhig\.vscode\extensions\redhat.java-1.47.0-win32-x64\jre\21.0.8-win32-x86_64\bin\extnet.dll
0x00007ffa6ed10000 - 0x00007ffa6ed44000 	C:\Windows\SYSTEM32\ntmarta.dll
0x00007ffa5c4a0000 - 0x00007ffa5c4a8000 	C:\Windows\system32\wshunix.dll

JVMTI agents:
c:\Users\abhig\.vscode\extensions\redhat.java-1.47.0-win32-x64\lombok\lombok-1.18.39-4050.jar path:c:\Users\abhig\.vscode\extensions\redhat.java-1.47.0-win32-x64\jre\21.0.8-win32-x86_64\bin\instrument.dll, loaded, initialized, instrumentlib options:none

dbghelp: loaded successfully - version: 4.0.5 - missing functions: none
symbol engine: initialized successfully - sym options: 0x614 - pdb path: .;c:\Users\abhig\.vscode\extensions\redhat.java-1.47.0-win32-x64\jre\21.0.8-win32-x86_64\bin;C:\Windows\SYSTEM32;C:\Windows\WinSxS\amd64_microsoft.windows.common-controls_6595b64144ccf1df_6.0.22621.6060_none_2712eda17382d24b;c:\Users\abhig\.vscode\extensions\redhat.java-1.47.0-win32-x64\jre\21.0.8-win32-x86_64\bin\server;C:\Users\abhig\AppData\Roaming\Code\User\globalStorage\redhat.java\1.47.0\config_win\org.eclipse.equinox.launcher\org.eclipse.equinox.launcher.win32.win32.x86_64_1.2.1400.v20250801-0854;C:\Users\abhig\AppData\Local\Temp\jna-92604357

VM Arguments:
jvm_args: --add-modules=ALL-SYSTEM --add-opens=java.base/java.util=ALL-UNNAMED --add-opens=java.base/java.lang=ALL-UNNAMED --add-opens=java.base/sun.nio.fs=ALL-UNNAMED -Declipse.application=org.eclipse.jdt.ls.core.id1 -Dosgi.bundles.defaultStartLevel=4 -Declipse.product=org.eclipse.jdt.ls.core.product -Djava.import.generatesMetadataFilesAtProjectRoot=false -DDetectVMInstallationsJob.disabled=true -Dfile.encoding=utf8 -XX:+UseParallelGC -XX:GCTimeRatio=4 -XX:AdaptiveSizePolicyWeight=90 -Dsun.zip.disableMemoryMapping=true -Xmx2G -Xms100m -Xlog:disable -javaagent:c:\Users\abhig\.vscode\extensions\redhat.java-1.47.0-win32-x64\lombok\lombok-1.18.39-4050.jar -XX:+HeapDumpOnOutOfMemoryError -XX:HeapDumpPath=c:\Users\abhig\AppData\Roaming\Code\User\workspaceStorage\b9f696540275c9f5155aa9508eff1e3b\redhat.java -Daether.dependencyCollector.impl=bf 
java_command: c:\Users\abhig\.vscode\extensions\redhat.java-1.47.0-win32-x64\server\plugins\org.eclipse.equinox.launcher_1.7.100.v20251014-1222.jar -configuration c:\Users\abhig\AppData\Roaming\Code\User\globalStorage\redhat.java\1.47.0\config_win -data c:\Users\abhig\AppData\Roaming\Code\User\workspaceStorage\b9f696540275c9f5155aa9508eff1e3b\redhat.java\jdt_ws --pipe=\\.\pipe\lsp-9106f3f2111e217803c919ab7c02b5be-sock
java_class_path (initial): c:\Users\abhig\.vscode\extensions\redhat.java-1.47.0-win32-x64\server\plugins\org.eclipse.equinox.launcher_1.7.100.v20251014-1222.jar
Launcher Type: SUN_STANDARD

[Global flags]
    uintx AdaptiveSizePolicyWeight                 = 90                                        {product} {command line}
     intx CICompilerCount                          = 4                                         {product} {ergonomic}
    uintx GCTimeRatio                              = 4                                         {product} {command line}
     bool HeapDumpOnOutOfMemoryError               = true                                   {manageable} {command line}
    ccstr HeapDumpPath                             = c:\Users\abhig\AppData\Roaming\Code\User\workspaceStorage\b9f696540275c9f5155aa9508eff1e3b\redhat.java         {manageable} {command line}
   size_t InitialHeapSize                          = 104857600                                 {product} {command line}
   size_t MaxHeapSize                              = 2147483648                                {product} {command line}
   size_t MaxNewSize                               = 715653120                                 {product} {ergonomic}
   size_t MinHeapDeltaBytes                        = 524288                                    {product} {ergonomic}
   size_t MinHeapSize                              = 104857600                                 {product} {command line}
   size_t NewSize                                  = 34603008                                  {product} {ergonomic}
    uintx NonNMethodCodeHeapSize                   = 5839372                                {pd product} {ergonomic}
    uintx NonProfiledCodeHeapSize                  = 122909434                              {pd product} {ergonomic}
   size_t OldSize                                  = 70254592                                  {product} {ergonomic}
    uintx ProfiledCodeHeapSize                     = 122909434                              {pd product} {ergonomic}
    uintx ReservedCodeCacheSize                    = 251658240                              {pd product} {ergonomic}
     bool SegmentedCodeCache                       = true                                      {product} {ergonomic}
   size_t SoftMaxHeapSize                          = 2147483648                             {manageable} {ergonomic}
     bool UseCompressedOops                        = true                           {product lp64_product} {ergonomic}
     bool UseLargePagesIndividualAllocation        = false                                  {pd product} {ergonomic}
     bool UseParallelGC                            = true                                      {product} {command line}

Logging:
Log output configuration:
 #0: stdout all=off uptime,level,tags foldmultilines=false
 #1: stderr all=off uptime,level,tags foldmultilines=false

Environment Variables:
JAVA_HOME=C:\Program Files\Java\jdk-23
PATH=C:\Program Files\Python313\Scripts\;C:\Program Files\Python313\;C:\app\abhig\product\21c\dbhomeXE\bin;C:\Program Files\Common Files\Oracle\Java\javapath;C:\Windows\system32;C:\Windows;C:\Windows\System32\Wbem;C:\Windows\System32\WindowsPowerShell\v1.0\;C:\Windows\System32\OpenSSH\;C:\Program Files\dotnet\;C:\MinGW\bin;C:\Program Files\Git\cmd;C:\Program Files\Git\mingw64\bin;C:\Program Files\Git\usr\bin;C:\Program Files\Java\jdk-23\bin;C:\Program Files\Java\jdk-23\bin;C:\Program Files\nodejs\;C:\Program Files (x86)\Windows Kits\10\Windows Performance Toolkit\;C:\Program Files\MySQL\MySQL Shell 8.0\bin\;C:\Users\abhig\AppData\Local\Programs\Microsoft VS Code\bin;C:\Users\abhig\AppData\Local\Programs\cursor\resources\app\bin;C:\Users\abhig\AppData\Roaming\npm;C:\Users\abhig\AppData\Roaming\Python\Scripts;C:\Users\abhig\AppData\Local\Programs\apache-maven-3.9.11\bin;
USERNAME=abhig
OS=Windows_NT
PROCESSOR_IDENTIFIER=AMD64 Family 25 Model 80 Stepping 0, AuthenticAMD
TMP=C:\Users\abhig\AppData\Local\Temp
TEMP=C:\Users\abhig\AppData\Local\Temp




Periodic native trim disabled

---------------  S Y S T E M  ---------------

OS:
 Windows 11 , 64 bit Build 22621 (10.0.22621.5415)
OS uptime: 0 days 15:42 hours
Hyper-V role detected

CPU: total 12 (initial active 12) (12 cores per cpu, 2 threads per core) family 25 model 80 stepping 0 microcode 0x0, cx8, cmov, fxsr, ht, mmx, 3dnowpref, sse, sse2, sse3, ssse3, sse4a, sse4.1, sse4.2, popcnt, lzcnt, tsc, tscinvbit, avx, avx2, aes, erms, clmul, bmi1, bmi2, adx, sha, fma, vzeroupper, clflush, clflushopt, hv, rdtscp, rdpid, fsrm, f16c, cet_ss
Processor Information for processor 0
  Max Mhz: 3301, Current Mhz: 3301, Mhz Limit: 3301
Processor Information for processor 1
  Max Mhz: 3301, Current Mhz: 3301, Mhz Limit: 3301
Processor Information for processor 2
  Max Mhz: 3301, Current Mhz: 3301, Mhz Limit: 3301
Processor Information for processor 3
  Max Mhz: 3301, Current Mhz: 3301, Mhz Limit: 3301
Processor Information for processor 4
  Max Mhz: 3301, Current Mhz: 3301, Mhz Limit: 3301
Processor Information for processor 5
  Max Mhz: 3301, Current Mhz: 2011, Mhz Limit: 3301
Processor Information for processor 6
  Max Mhz: 3301, Current Mhz: 3301, Mhz Limit: 3301
Processor Information for processor 7
  Max Mhz: 3301, Current Mhz: 3301, Mhz Limit: 3301
Processor Information for processor 8
  Max Mhz: 3301, Current Mhz: 2011, Mhz Limit: 3301
Processor Information for processor 9
  Max Mhz: 3301, Current Mhz: 3301, Mhz Limit: 3301
Processor Information for processor 10
  Max Mhz: 3301, Current Mhz: 3301, Mhz Limit: 3301
Processor Information for processor 11
  Max Mhz: 3301, Current Mhz: 3301, Mhz Limit: 3301

Memory: 4k page, system-wide physical 15773M (5111M free)
TotalPageFile size 15773M (AvailPageFile size 5M)
current process WorkingSet (physical memory assigned to process): 474M, peak: 486M
current process commit charge ("private bytes"): 559M, peak: 562M

vm_info: OpenJDK 64-Bit Server VM (21.0.8+9-LTS) for windows-amd64 JRE (21.0.8+9-LTS), built on 2025-07-15T00:00:00Z by "admin" with MS VC++ 17.7 (VS2022)

END.
